2022-03-12 12:14:17.334  INFO 1825 --- [main] .a.i.SepmIndividualAssignmentApplication : Starting SepmIndividualAssignmentApplication using Java 17.0.2 on MacBook-Pro.localdomain with PID 1825 (/Users/davidkoppl/Documents/IntelliJ IDEA/SEPM Einzelphase/backend/target/classes started by davidkoppl in /Users/davidkoppl/Documents/IntelliJ IDEA/SEPM Einzelphase/backend)
2022-03-12 12:14:17.335  INFO 1825 --- [main] .a.i.SepmIndividualAssignmentApplication : No active profile set, falling back to 1 default profile: "default"
2022-03-12 12:14:18.007  INFO 1825 --- [main] o.s.b.w.embedded.tomcat.TomcatWebServer  : Tomcat initialized with port(s): 8080 (http)
2022-03-12 12:14:18.018  INFO 1825 --- [main] o.apache.catalina.core.StandardService   : Starting service [Tomcat]
2022-03-12 12:14:18.018  INFO 1825 --- [main] org.apache.catalina.core.StandardEngine  : Starting Servlet engine: [Apache Tomcat/9.0.58]
2022-03-12 12:14:18.058  INFO 1825 --- [main] o.a.c.c.C.[Tomcat].[localhost].[/]       : Initializing Spring embedded WebApplicationContext
2022-03-12 12:14:18.058  INFO 1825 --- [main] w.s.c.ServletWebServerApplicationContext : Root WebApplicationContext: initialization completed in 691 ms
2022-03-12 12:14:18.080  INFO 1825 --- [main] com.zaxxer.hikari.HikariDataSource       : HikariPool-1 - Starting...
2022-03-12 12:14:18.365  INFO 1825 --- [main] com.zaxxer.hikari.HikariDataSource       : HikariPool-1 - Start completed.
2022-03-12 12:14:18.373  INFO 1825 --- [main] o.s.b.a.h2.H2ConsoleAutoConfiguration    : H2 console available at '/h2-console'. Database available at 'jdbc:h2:./wendydb'
2022-03-12 12:14:18.626  INFO 1825 --- [main] o.s.b.w.embedded.tomcat.TomcatWebServer  : Tomcat started on port(s): 8080 (http) with context path ''
2022-03-12 12:14:18.633  INFO 1825 --- [main] .a.i.SepmIndividualAssignmentApplication : Started SepmIndividualAssignmentApplication in 1.661 seconds (JVM running for 1.875)
2022-03-12 12:16:15.997  INFO 1915 --- [main] a.a.t.s.a.i.persistence.HorseDaoTest     : Starting HorseDaoTest using Java 17.0.2 on MacBook-Pro.localdomain with PID 1915 (started by davidkoppl in /Users/davidkoppl/Documents/IntelliJ IDEA/SEPM Einzelphase/backend)
2022-03-12 12:16:15.999  INFO 1915 --- [main] a.a.t.s.a.i.persistence.HorseDaoTest     : The following 2 profiles are active: "test", "datagen"
2022-03-12 12:16:16.551  INFO 1915 --- [main] a.a.t.s.a.i.p.DataGeneratorBean          : Generating data…
2022-03-12 12:16:16.552  INFO 1915 --- [main] com.zaxxer.hikari.HikariDataSource       : HikariPool-1 - Starting...
2022-03-12 12:16:16.713  INFO 1915 --- [main] com.zaxxer.hikari.HikariDataSource       : HikariPool-1 - Start completed.
2022-03-12 12:16:16.725  INFO 1915 --- [main] a.a.t.s.a.i.p.DataGeneratorBean          : Finished generating data without error.
2022-03-12 12:16:17.027  INFO 1915 --- [main] o.s.b.a.h2.H2ConsoleAutoConfiguration    : H2 console available at '/h2-console'. Database available at 'jdbc:h2:mem:testdb'
2022-03-12 12:16:17.179  INFO 1915 --- [main] a.a.t.s.a.i.persistence.HorseDaoTest     : Started HorseDaoTest in 1.39 seconds (JVM running for 1.983)
2022-03-12 12:16:17.499  INFO 1915 --- [main] .b.t.c.SpringBootTestContextBootstrapper : Neither @ContextConfiguration nor @ContextHierarchy found for test class [at.ac.tuwien.sepm.assignment.individual.SepmIndividualAssignmentApplicationTests], using SpringBootContextLoader
2022-03-12 12:16:17.500  INFO 1915 --- [main] o.s.t.c.support.AbstractContextLoader    : Could not detect default resource locations for test class [at.ac.tuwien.sepm.assignment.individual.SepmIndividualAssignmentApplicationTests]: no resource found for suffixes {-context.xml, Context.groovy}.
2022-03-12 12:16:17.500  INFO 1915 --- [main] t.c.s.AnnotationConfigContextLoaderUtils : Could not detect default configuration classes for test class [at.ac.tuwien.sepm.assignment.individual.SepmIndividualAssignmentApplicationTests]: SepmIndividualAssignmentApplicationTests does not declare any static, non-private, non-final, nested classes annotated with @Configuration.
2022-03-12 12:16:17.503  INFO 1915 --- [main] .b.t.c.SpringBootTestContextBootstrapper : Found @SpringBootConfiguration at.ac.tuwien.sepm.assignment.individual.SepmIndividualAssignmentApplication for test class at.ac.tuwien.sepm.assignment.individual.SepmIndividualAssignmentApplicationTests
2022-03-12 12:16:17.504  INFO 1915 --- [main] .b.t.c.SpringBootTestContextBootstrapper : Loaded default TestExecutionListener class names from location [META-INF/spring.factories]: [org.springframework.boot.test.mock.mockito.MockitoTestExecutionListener, org.springframework.boot.test.mock.mockito.ResetMocksTestExecutionListener, org.springframework.boot.test.autoconfigure.restdocs.RestDocsTestExecutionListener, org.springframework.boot.test.autoconfigure.web.client.MockRestServiceServerResetTestExecutionListener, org.springframework.boot.test.autoconfigure.web.servlet.MockMvcPrintOnlyOnFailureTestExecutionListener, org.springframework.boot.test.autoconfigure.web.servlet.WebDriverTestExecutionListener, org.springframework.boot.test.autoconfigure.webservices.client.MockWebServiceServerTestExecutionListener, org.springframework.test.context.web.ServletTestExecutionListener, org.springframework.test.context.support.DirtiesContextBeforeModesTestExecutionListener, org.springframework.test.context.event.ApplicationEventsTestExecutionListener, org.springframework.test.context.support.DependencyInjectionTestExecutionListener, org.springframework.test.context.support.DirtiesContextTestExecutionListener, org.springframework.test.context.transaction.TransactionalTestExecutionListener, org.springframework.test.context.jdbc.SqlScriptsTestExecutionListener, org.springframework.test.context.event.EventPublishingTestExecutionListener]
2022-03-12 12:16:17.505  INFO 1915 --- [main] .b.t.c.SpringBootTestContextBootstrapper : Using TestExecutionListeners: [org.springframework.test.context.web.ServletTestExecutionListener@67eeb310, org.springframework.test.context.support.DirtiesContextBeforeModesTestExecutionListener@76af51d6, org.springframework.test.context.event.ApplicationEventsTestExecutionListener@39ace1a7, org.springframework.boot.test.mock.mockito.MockitoTestExecutionListener@1930a804, org.springframework.boot.test.autoconfigure.SpringBootDependencyInjectionTestExecutionListener@bd4ee01, org.springframework.test.context.support.DirtiesContextTestExecutionListener@7f93f4c, org.springframework.test.context.transaction.TransactionalTestExecutionListener@598657cd, org.springframework.test.context.jdbc.SqlScriptsTestExecutionListener@456aa471, org.springframework.test.context.event.EventPublishingTestExecutionListener@69e2fe3b, org.springframework.boot.test.mock.mockito.ResetMocksTestExecutionListener@27afbf14, org.springframework.boot.test.autoconfigure.restdocs.RestDocsTestExecutionListener@4cfcac13, org.springframework.boot.test.autoconfigure.web.client.MockRestServiceServerResetTestExecutionListener@5c25d0d1, org.springframework.boot.test.autoconfigure.web.servlet.MockMvcPrintOnlyOnFailureTestExecutionListener@22c8ee48, org.springframework.boot.test.autoconfigure.web.servlet.WebDriverTestExecutionListener@7845b21a, org.springframework.boot.test.autoconfigure.webservices.client.MockWebServiceServerTestExecutionListener@51f01535]
2022-03-12 12:16:17.525  INFO 1915 --- [main] SepmIndividualAssignmentApplicationTests : Starting SepmIndividualAssignmentApplicationTests using Java 17.0.2 on MacBook-Pro.localdomain with PID 1915 (started by davidkoppl in /Users/davidkoppl/Documents/IntelliJ IDEA/SEPM Einzelphase/backend)
2022-03-12 12:16:17.526  INFO 1915 --- [main] SepmIndividualAssignmentApplicationTests : The following 1 profile is active: "test"
2022-03-12 12:16:17.773  INFO 1915 --- [main] com.zaxxer.hikari.HikariDataSource       : HikariPool-2 - Starting...
2022-03-12 12:16:17.774  INFO 1915 --- [main] com.zaxxer.hikari.HikariDataSource       : HikariPool-2 - Start completed.
2022-03-12 12:16:17.774  INFO 1915 --- [main] o.s.b.a.h2.H2ConsoleAutoConfiguration    : H2 console available at '/h2-console'. Database available at 'jdbc:h2:mem:testdb'
2022-03-12 12:16:17.859  INFO 1915 --- [main] SepmIndividualAssignmentApplicationTests : Started SepmIndividualAssignmentApplicationTests in 0.353 seconds (JVM running for 2.663)
2022-03-12 12:16:17.864  INFO 1915 --- [main] .b.t.c.SpringBootTestContextBootstrapper : Neither @ContextConfiguration nor @ContextHierarchy found for test class [at.ac.tuwien.sepm.assignment.individual.service.HorseServiceTest], using SpringBootContextLoader
2022-03-12 12:16:17.865  INFO 1915 --- [main] o.s.t.c.support.AbstractContextLoader    : Could not detect default resource locations for test class [at.ac.tuwien.sepm.assignment.individual.service.HorseServiceTest]: no resource found for suffixes {-context.xml, Context.groovy}.
2022-03-12 12:16:17.865  INFO 1915 --- [main] t.c.s.AnnotationConfigContextLoaderUtils : Could not detect default configuration classes for test class [at.ac.tuwien.sepm.assignment.individual.service.HorseServiceTest]: HorseServiceTest does not declare any static, non-private, non-final, nested classes annotated with @Configuration.
2022-03-12 12:16:17.869  INFO 1915 --- [main] .b.t.c.SpringBootTestContextBootstrapper : Found @SpringBootConfiguration at.ac.tuwien.sepm.assignment.individual.SepmIndividualAssignmentApplication for test class at.ac.tuwien.sepm.assignment.individual.service.HorseServiceTest
2022-03-12 12:16:17.870  INFO 1915 --- [main] .b.t.c.SpringBootTestContextBootstrapper : Loaded default TestExecutionListener class names from location [META-INF/spring.factories]: [org.springframework.boot.test.mock.mockito.MockitoTestExecutionListener, org.springframework.boot.test.mock.mockito.ResetMocksTestExecutionListener, org.springframework.boot.test.autoconfigure.restdocs.RestDocsTestExecutionListener, org.springframework.boot.test.autoconfigure.web.client.MockRestServiceServerResetTestExecutionListener, org.springframework.boot.test.autoconfigure.web.servlet.MockMvcPrintOnlyOnFailureTestExecutionListener, org.springframework.boot.test.autoconfigure.web.servlet.WebDriverTestExecutionListener, org.springframework.boot.test.autoconfigure.webservices.client.MockWebServiceServerTestExecutionListener, org.springframework.test.context.web.ServletTestExecutionListener, org.springframework.test.context.support.DirtiesContextBeforeModesTestExecutionListener, org.springframework.test.context.event.ApplicationEventsTestExecutionListener, org.springframework.test.context.support.DependencyInjectionTestExecutionListener, org.springframework.test.context.support.DirtiesContextTestExecutionListener, org.springframework.test.context.transaction.TransactionalTestExecutionListener, org.springframework.test.context.jdbc.SqlScriptsTestExecutionListener, org.springframework.test.context.event.EventPublishingTestExecutionListener]
2022-03-12 12:16:17.870  INFO 1915 --- [main] .b.t.c.SpringBootTestContextBootstrapper : Using TestExecutionListeners: [org.springframework.test.context.web.ServletTestExecutionListener@60816371, org.springframework.test.context.support.DirtiesContextBeforeModesTestExecutionListener@678586f0, org.springframework.test.context.event.ApplicationEventsTestExecutionListener@5ad6f98e, org.springframework.boot.test.mock.mockito.MockitoTestExecutionListener@586728e8, org.springframework.boot.test.autoconfigure.SpringBootDependencyInjectionTestExecutionListener@3316527e, org.springframework.test.context.support.DirtiesContextTestExecutionListener@786ff0ea, org.springframework.test.context.transaction.TransactionalTestExecutionListener@15186ce0, org.springframework.test.context.jdbc.SqlScriptsTestExecutionListener@745926c3, org.springframework.test.context.event.EventPublishingTestExecutionListener@75dd0f94, org.springframework.boot.test.mock.mockito.ResetMocksTestExecutionListener@72324965, org.springframework.boot.test.autoconfigure.restdocs.RestDocsTestExecutionListener@249b54af, org.springframework.boot.test.autoconfigure.web.client.MockRestServiceServerResetTestExecutionListener@194911c1, org.springframework.boot.test.autoconfigure.web.servlet.MockMvcPrintOnlyOnFailureTestExecutionListener@4751cd3, org.springframework.boot.test.autoconfigure.web.servlet.WebDriverTestExecutionListener@64ec1459, org.springframework.boot.test.autoconfigure.webservices.client.MockWebServiceServerTestExecutionListener@1aac0a47]
2022-03-12 12:16:17.876  INFO 1915 --- [main] .b.t.c.SpringBootTestContextBootstrapper : Neither @ContextConfiguration nor @ContextHierarchy found for test class [at.ac.tuwien.sepm.assignment.individual.rest.HorseEndpointTest], using SpringBootContextLoader
2022-03-12 12:16:17.877  INFO 1915 --- [main] o.s.t.c.support.AbstractContextLoader    : Could not detect default resource locations for test class [at.ac.tuwien.sepm.assignment.individual.rest.HorseEndpointTest]: no resource found for suffixes {-context.xml, Context.groovy}.
2022-03-12 12:16:17.877  INFO 1915 --- [main] t.c.s.AnnotationConfigContextLoaderUtils : Could not detect default configuration classes for test class [at.ac.tuwien.sepm.assignment.individual.rest.HorseEndpointTest]: HorseEndpointTest does not declare any static, non-private, non-final, nested classes annotated with @Configuration.
2022-03-12 12:16:17.883  INFO 1915 --- [main] .b.t.c.SpringBootTestContextBootstrapper : Found @SpringBootConfiguration at.ac.tuwien.sepm.assignment.individual.SepmIndividualAssignmentApplication for test class at.ac.tuwien.sepm.assignment.individual.rest.HorseEndpointTest
2022-03-12 12:16:17.884  INFO 1915 --- [main] .b.t.c.SpringBootTestContextBootstrapper : Loaded default TestExecutionListener class names from location [META-INF/spring.factories]: [org.springframework.boot.test.mock.mockito.MockitoTestExecutionListener, org.springframework.boot.test.mock.mockito.ResetMocksTestExecutionListener, org.springframework.boot.test.autoconfigure.restdocs.RestDocsTestExecutionListener, org.springframework.boot.test.autoconfigure.web.client.MockRestServiceServerResetTestExecutionListener, org.springframework.boot.test.autoconfigure.web.servlet.MockMvcPrintOnlyOnFailureTestExecutionListener, org.springframework.boot.test.autoconfigure.web.servlet.WebDriverTestExecutionListener, org.springframework.boot.test.autoconfigure.webservices.client.MockWebServiceServerTestExecutionListener, org.springframework.test.context.web.ServletTestExecutionListener, org.springframework.test.context.support.DirtiesContextBeforeModesTestExecutionListener, org.springframework.test.context.event.ApplicationEventsTestExecutionListener, org.springframework.test.context.support.DependencyInjectionTestExecutionListener, org.springframework.test.context.support.DirtiesContextTestExecutionListener, org.springframework.test.context.transaction.TransactionalTestExecutionListener, org.springframework.test.context.jdbc.SqlScriptsTestExecutionListener, org.springframework.test.context.event.EventPublishingTestExecutionListener]
2022-03-12 12:16:17.884  INFO 1915 --- [main] .b.t.c.SpringBootTestContextBootstrapper : Using TestExecutionListeners: [org.springframework.test.context.web.ServletTestExecutionListener@3bab95ca, org.springframework.test.context.support.DirtiesContextBeforeModesTestExecutionListener@71ad959b, org.springframework.test.context.event.ApplicationEventsTestExecutionListener@1d7c9811, org.springframework.boot.test.mock.mockito.MockitoTestExecutionListener@3b362f1, org.springframework.boot.test.autoconfigure.SpringBootDependencyInjectionTestExecutionListener@6451a288, org.springframework.test.context.support.DirtiesContextTestExecutionListener@79cdf2d4, org.springframework.test.context.transaction.TransactionalTestExecutionListener@8851ec, org.springframework.test.context.jdbc.SqlScriptsTestExecutionListener@18b40fe6, org.springframework.test.context.event.EventPublishingTestExecutionListener@7198ab9a, org.springframework.boot.test.mock.mockito.ResetMocksTestExecutionListener@67d5ac2f, org.springframework.boot.test.autoconfigure.restdocs.RestDocsTestExecutionListener@25109608, org.springframework.boot.test.autoconfigure.web.client.MockRestServiceServerResetTestExecutionListener@1d637673, org.springframework.boot.test.autoconfigure.web.servlet.MockMvcPrintOnlyOnFailureTestExecutionListener@2913ca3e, org.springframework.boot.test.autoconfigure.web.servlet.WebDriverTestExecutionListener@636dbfe7, org.springframework.boot.test.autoconfigure.webservices.client.MockWebServiceServerTestExecutionListener@42ecc554]
2022-03-12 12:16:17.903  INFO 1915 --- [main] a.a.t.s.a.i.rest.HorseEndpointTest       : Starting HorseEndpointTest using Java 17.0.2 on MacBook-Pro.localdomain with PID 1915 (started by davidkoppl in /Users/davidkoppl/Documents/IntelliJ IDEA/SEPM Einzelphase/backend)
2022-03-12 12:16:17.903  INFO 1915 --- [main] a.a.t.s.a.i.rest.HorseEndpointTest       : The following 2 profiles are active: "test", "datagen"
2022-03-12 12:16:18.021  INFO 1915 --- [main] a.a.t.s.a.i.p.DataGeneratorBean          : Generating data…
2022-03-12 12:16:18.022  INFO 1915 --- [main] com.zaxxer.hikari.HikariDataSource       : HikariPool-3 - Starting...
2022-03-12 12:16:18.023  INFO 1915 --- [main] com.zaxxer.hikari.HikariDataSource       : HikariPool-3 - Start completed.
2022-03-12 12:16:18.024  INFO 1915 --- [main] a.a.t.s.a.i.p.DataGeneratorBean          : Finished generating data without error.
2022-03-12 12:16:18.155  INFO 1915 --- [main] o.s.b.a.h2.H2ConsoleAutoConfiguration    : H2 console available at '/h2-console'. Database available at 'jdbc:h2:mem:testdb'
2022-03-12 12:16:18.192  INFO 1915 --- [main] a.a.t.s.a.i.rest.HorseEndpointTest       : Started HorseEndpointTest in 0.306 seconds (JVM running for 2.996)
2022-03-12 12:16:18.201  INFO 1915 --- [main] o.s.b.t.m.w.SpringBootMockServletContext : Initializing Spring TestDispatcherServlet ''
2022-03-12 12:16:18.201  INFO 1915 --- [main] o.s.t.web.servlet.TestDispatcherServlet  : Initializing Servlet ''
2022-03-12 12:16:18.202  INFO 1915 --- [main] o.s.t.web.servlet.TestDispatcherServlet  : Completed initialization in 1 ms
2022-03-12 12:16:18.217  WARN 1915 --- [main] o.s.web.servlet.PageNotFound             : No mapping for GET /asdf123
2022-03-12 12:16:18.222  INFO 1915 --- [main] o.s.b.t.m.w.SpringBootMockServletContext : Initializing Spring TestDispatcherServlet ''
2022-03-12 12:16:18.222  INFO 1915 --- [main] o.s.t.web.servlet.TestDispatcherServlet  : Initializing Servlet ''
2022-03-12 12:16:18.222  INFO 1915 --- [main] o.s.t.web.servlet.TestDispatcherServlet  : Completed initialization in 0 ms
2022-03-12 12:16:18.299  INFO 1915 --- [SpringApplicationShutdownHook] com.zaxxer.hikari.HikariDataSource       : HikariPool-1 - Shutdown initiated...
2022-03-12 12:16:18.300  INFO 1915 --- [SpringApplicationShutdownHook] com.zaxxer.hikari.HikariDataSource       : HikariPool-1 - Shutdown completed.
2022-03-12 12:16:18.301  INFO 1915 --- [SpringApplicationShutdownHook] com.zaxxer.hikari.HikariDataSource       : HikariPool-2 - Shutdown initiated...
2022-03-12 12:16:18.302  INFO 1915 --- [SpringApplicationShutdownHook] com.zaxxer.hikari.HikariDataSource       : HikariPool-2 - Shutdown completed.
2022-03-12 12:16:18.303  INFO 1915 --- [SpringApplicationShutdownHook] com.zaxxer.hikari.HikariDataSource       : HikariPool-3 - Shutdown initiated...
2022-03-12 12:16:18.303  INFO 1915 --- [SpringApplicationShutdownHook] com.zaxxer.hikari.HikariDataSource       : HikariPool-3 - Shutdown completed.
2022-03-12 12:16:20.680  INFO 1825 --- [SpringApplicationShutdownHook] com.zaxxer.hikari.HikariDataSource       : HikariPool-1 - Shutdown initiated...
2022-03-12 12:16:20.710  INFO 1825 --- [SpringApplicationShutdownHook] com.zaxxer.hikari.HikariDataSource       : HikariPool-1 - Shutdown completed.
2022-03-12 12:16:46.105  INFO 1962 --- [main] .a.i.SepmIndividualAssignmentApplication : Starting SepmIndividualAssignmentApplication using Java 17.0.2 on MacBook-Pro.localdomain with PID 1962 (/Users/davidkoppl/Documents/IntelliJ IDEA/SEPM Einzelphase/backend/target/classes started by davidkoppl in /Users/davidkoppl/Documents/IntelliJ IDEA/SEPM Einzelphase/backend)
2022-03-12 12:16:46.106  INFO 1962 --- [main] .a.i.SepmIndividualAssignmentApplication : No active profile set, falling back to 1 default profile: "default"
2022-03-12 12:16:46.690  INFO 1962 --- [main] o.s.b.w.embedded.tomcat.TomcatWebServer  : Tomcat initialized with port(s): 8080 (http)
2022-03-12 12:16:46.697  INFO 1962 --- [main] o.apache.catalina.core.StandardService   : Starting service [Tomcat]
2022-03-12 12:16:46.698  INFO 1962 --- [main] org.apache.catalina.core.StandardEngine  : Starting Servlet engine: [Apache Tomcat/9.0.58]
2022-03-12 12:16:46.734  INFO 1962 --- [main] o.a.c.c.C.[Tomcat].[localhost].[/]       : Initializing Spring embedded WebApplicationContext
2022-03-12 12:16:46.735  INFO 1962 --- [main] w.s.c.ServletWebServerApplicationContext : Root WebApplicationContext: initialization completed in 596 ms
2022-03-12 12:16:46.755  INFO 1962 --- [main] com.zaxxer.hikari.HikariDataSource       : HikariPool-1 - Starting...
2022-03-12 12:16:46.974  INFO 1962 --- [main] com.zaxxer.hikari.HikariDataSource       : HikariPool-1 - Start completed.
2022-03-12 12:16:46.988  INFO 1962 --- [main] o.s.b.a.h2.H2ConsoleAutoConfiguration    : H2 console available at '/h2-console'. Database available at 'jdbc:h2:./wendydb'
2022-03-12 12:16:47.197  INFO 1962 --- [main] o.s.b.w.embedded.tomcat.TomcatWebServer  : Tomcat started on port(s): 8080 (http) with context path ''
2022-03-12 12:16:47.204  INFO 1962 --- [main] .a.i.SepmIndividualAssignmentApplication : Started SepmIndividualAssignmentApplication in 1.375 seconds (JVM running for 1.567)
2022-03-12 12:20:15.770  INFO 1962 --- [SpringApplicationShutdownHook] com.zaxxer.hikari.HikariDataSource       : HikariPool-1 - Shutdown initiated...
2022-03-12 12:20:15.814  INFO 1962 --- [SpringApplicationShutdownHook] com.zaxxer.hikari.HikariDataSource       : HikariPool-1 - Shutdown completed.
2022-03-12 12:20:43.173  INFO 2023 --- [main] .a.i.SepmIndividualAssignmentApplication : Starting SepmIndividualAssignmentApplication using Java 17.0.2 on MacBook-Pro.localdomain with PID 2023 (/Users/davidkoppl/Documents/IntelliJ IDEA/SEPM Einzelphase/backend/target/classes started by davidkoppl in /Users/davidkoppl/Documents/IntelliJ IDEA/SEPM Einzelphase/backend)
2022-03-12 12:20:43.175  INFO 2023 --- [main] .a.i.SepmIndividualAssignmentApplication : No active profile set, falling back to 1 default profile: "default"
2022-03-12 12:20:43.758  INFO 2023 --- [main] o.s.b.w.embedded.tomcat.TomcatWebServer  : Tomcat initialized with port(s): 8080 (http)
2022-03-12 12:20:43.765  INFO 2023 --- [main] o.apache.catalina.core.StandardService   : Starting service [Tomcat]
2022-03-12 12:20:43.765  INFO 2023 --- [main] org.apache.catalina.core.StandardEngine  : Starting Servlet engine: [Apache Tomcat/9.0.58]
2022-03-12 12:20:43.803  INFO 2023 --- [main] o.a.c.c.C.[Tomcat].[localhost].[/]       : Initializing Spring embedded WebApplicationContext
2022-03-12 12:20:43.804  INFO 2023 --- [main] w.s.c.ServletWebServerApplicationContext : Root WebApplicationContext: initialization completed in 593 ms
2022-03-12 12:20:43.823  INFO 2023 --- [main] com.zaxxer.hikari.HikariDataSource       : HikariPool-1 - Starting...
2022-03-12 12:20:44.042  INFO 2023 --- [main] com.zaxxer.hikari.HikariDataSource       : HikariPool-1 - Start completed.
2022-03-12 12:20:44.050  INFO 2023 --- [main] o.s.b.a.h2.H2ConsoleAutoConfiguration    : H2 console available at '/h2-console'. Database available at 'jdbc:h2:./wendydb'
2022-03-12 12:20:44.286  INFO 2023 --- [main] o.s.b.w.embedded.tomcat.TomcatWebServer  : Tomcat started on port(s): 8080 (http) with context path ''
2022-03-12 12:20:44.292  INFO 2023 --- [main] .a.i.SepmIndividualAssignmentApplication : Started SepmIndividualAssignmentApplication in 1.411 seconds (JVM running for 1.601)
2022-03-12 12:20:54.092  INFO 2057 --- [main] a.a.t.s.a.i.persistence.HorseDaoTest     : Starting HorseDaoTest using Java 17.0.2 on MacBook-Pro.localdomain with PID 2057 (started by davidkoppl in /Users/davidkoppl/Documents/IntelliJ IDEA/SEPM Einzelphase/backend)
2022-03-12 12:20:54.093  INFO 2057 --- [main] a.a.t.s.a.i.persistence.HorseDaoTest     : The following 2 profiles are active: "test", "datagen"
2022-03-12 12:20:54.619  INFO 2057 --- [main] a.a.t.s.a.i.p.DataGeneratorBean          : Generating data…
2022-03-12 12:20:54.620  INFO 2057 --- [main] com.zaxxer.hikari.HikariDataSource       : HikariPool-1 - Starting...
2022-03-12 12:20:54.771  INFO 2057 --- [main] com.zaxxer.hikari.HikariDataSource       : HikariPool-1 - Start completed.
2022-03-12 12:20:54.781  INFO 2057 --- [main] a.a.t.s.a.i.p.DataGeneratorBean          : Finished generating data without error.
2022-03-12 12:20:55.096  INFO 2057 --- [main] o.s.b.a.h2.H2ConsoleAutoConfiguration    : H2 console available at '/h2-console'. Database available at 'jdbc:h2:mem:testdb'
2022-03-12 12:20:55.251  INFO 2057 --- [main] a.a.t.s.a.i.persistence.HorseDaoTest     : Started HorseDaoTest in 1.359 seconds (JVM running for 1.914)
2022-03-12 12:20:55.554  INFO 2057 --- [main] .b.t.c.SpringBootTestContextBootstrapper : Neither @ContextConfiguration nor @ContextHierarchy found for test class [at.ac.tuwien.sepm.assignment.individual.SepmIndividualAssignmentApplicationTests], using SpringBootContextLoader
2022-03-12 12:20:55.555  INFO 2057 --- [main] o.s.t.c.support.AbstractContextLoader    : Could not detect default resource locations for test class [at.ac.tuwien.sepm.assignment.individual.SepmIndividualAssignmentApplicationTests]: no resource found for suffixes {-context.xml, Context.groovy}.
2022-03-12 12:20:55.555  INFO 2057 --- [main] t.c.s.AnnotationConfigContextLoaderUtils : Could not detect default configuration classes for test class [at.ac.tuwien.sepm.assignment.individual.SepmIndividualAssignmentApplicationTests]: SepmIndividualAssignmentApplicationTests does not declare any static, non-private, non-final, nested classes annotated with @Configuration.
2022-03-12 12:20:55.558  INFO 2057 --- [main] .b.t.c.SpringBootTestContextBootstrapper : Found @SpringBootConfiguration at.ac.tuwien.sepm.assignment.individual.SepmIndividualAssignmentApplication for test class at.ac.tuwien.sepm.assignment.individual.SepmIndividualAssignmentApplicationTests
2022-03-12 12:20:55.560  INFO 2057 --- [main] .b.t.c.SpringBootTestContextBootstrapper : Loaded default TestExecutionListener class names from location [META-INF/spring.factories]: [org.springframework.boot.test.mock.mockito.MockitoTestExecutionListener, org.springframework.boot.test.mock.mockito.ResetMocksTestExecutionListener, org.springframework.boot.test.autoconfigure.restdocs.RestDocsTestExecutionListener, org.springframework.boot.test.autoconfigure.web.client.MockRestServiceServerResetTestExecutionListener, org.springframework.boot.test.autoconfigure.web.servlet.MockMvcPrintOnlyOnFailureTestExecutionListener, org.springframework.boot.test.autoconfigure.web.servlet.WebDriverTestExecutionListener, org.springframework.boot.test.autoconfigure.webservices.client.MockWebServiceServerTestExecutionListener, org.springframework.test.context.web.ServletTestExecutionListener, org.springframework.test.context.support.DirtiesContextBeforeModesTestExecutionListener, org.springframework.test.context.event.ApplicationEventsTestExecutionListener, org.springframework.test.context.support.DependencyInjectionTestExecutionListener, org.springframework.test.context.support.DirtiesContextTestExecutionListener, org.springframework.test.context.transaction.TransactionalTestExecutionListener, org.springframework.test.context.jdbc.SqlScriptsTestExecutionListener, org.springframework.test.context.event.EventPublishingTestExecutionListener]
2022-03-12 12:20:55.560  INFO 2057 --- [main] .b.t.c.SpringBootTestContextBootstrapper : Using TestExecutionListeners: [org.springframework.test.context.web.ServletTestExecutionListener@bd4ee01, org.springframework.test.context.support.DirtiesContextBeforeModesTestExecutionListener@7f93f4c, org.springframework.test.context.event.ApplicationEventsTestExecutionListener@598657cd, org.springframework.boot.test.mock.mockito.MockitoTestExecutionListener@456aa471, org.springframework.boot.test.autoconfigure.SpringBootDependencyInjectionTestExecutionListener@69e2fe3b, org.springframework.test.context.support.DirtiesContextTestExecutionListener@27afbf14, org.springframework.test.context.transaction.TransactionalTestExecutionListener@4cfcac13, org.springframework.test.context.jdbc.SqlScriptsTestExecutionListener@5c25d0d1, org.springframework.test.context.event.EventPublishingTestExecutionListener@22c8ee48, org.springframework.boot.test.mock.mockito.ResetMocksTestExecutionListener@7845b21a, org.springframework.boot.test.autoconfigure.restdocs.RestDocsTestExecutionListener@51f01535, org.springframework.boot.test.autoconfigure.web.client.MockRestServiceServerResetTestExecutionListener@2321e482, org.springframework.boot.test.autoconfigure.web.servlet.MockMvcPrintOnlyOnFailureTestExecutionListener@467ef400, org.springframework.boot.test.autoconfigure.web.servlet.WebDriverTestExecutionListener@13fe5bb7, org.springframework.boot.test.autoconfigure.webservices.client.MockWebServiceServerTestExecutionListener@4276ad40]
2022-03-12 12:20:55.583  INFO 2057 --- [main] SepmIndividualAssignmentApplicationTests : Starting SepmIndividualAssignmentApplicationTests using Java 17.0.2 on MacBook-Pro.localdomain with PID 2057 (started by davidkoppl in /Users/davidkoppl/Documents/IntelliJ IDEA/SEPM Einzelphase/backend)
2022-03-12 12:20:55.584  INFO 2057 --- [main] SepmIndividualAssignmentApplicationTests : The following 1 profile is active: "test"
2022-03-12 12:20:55.805  INFO 2057 --- [main] com.zaxxer.hikari.HikariDataSource       : HikariPool-2 - Starting...
2022-03-12 12:20:55.806  INFO 2057 --- [main] com.zaxxer.hikari.HikariDataSource       : HikariPool-2 - Start completed.
2022-03-12 12:20:55.806  INFO 2057 --- [main] o.s.b.a.h2.H2ConsoleAutoConfiguration    : H2 console available at '/h2-console'. Database available at 'jdbc:h2:mem:testdb'
2022-03-12 12:20:55.883  INFO 2057 --- [main] SepmIndividualAssignmentApplicationTests : Started SepmIndividualAssignmentApplicationTests in 0.321 seconds (JVM running for 2.546)
2022-03-12 12:20:55.890  INFO 2057 --- [main] .b.t.c.SpringBootTestContextBootstrapper : Neither @ContextConfiguration nor @ContextHierarchy found for test class [at.ac.tuwien.sepm.assignment.individual.service.HorseServiceTest], using SpringBootContextLoader
2022-03-12 12:20:55.890  INFO 2057 --- [main] o.s.t.c.support.AbstractContextLoader    : Could not detect default resource locations for test class [at.ac.tuwien.sepm.assignment.individual.service.HorseServiceTest]: no resource found for suffixes {-context.xml, Context.groovy}.
2022-03-12 12:20:55.890  INFO 2057 --- [main] t.c.s.AnnotationConfigContextLoaderUtils : Could not detect default configuration classes for test class [at.ac.tuwien.sepm.assignment.individual.service.HorseServiceTest]: HorseServiceTest does not declare any static, non-private, non-final, nested classes annotated with @Configuration.
2022-03-12 12:20:55.894  INFO 2057 --- [main] .b.t.c.SpringBootTestContextBootstrapper : Found @SpringBootConfiguration at.ac.tuwien.sepm.assignment.individual.SepmIndividualAssignmentApplication for test class at.ac.tuwien.sepm.assignment.individual.service.HorseServiceTest
2022-03-12 12:20:55.895  INFO 2057 --- [main] .b.t.c.SpringBootTestContextBootstrapper : Loaded default TestExecutionListener class names from location [META-INF/spring.factories]: [org.springframework.boot.test.mock.mockito.MockitoTestExecutionListener, org.springframework.boot.test.mock.mockito.ResetMocksTestExecutionListener, org.springframework.boot.test.autoconfigure.restdocs.RestDocsTestExecutionListener, org.springframework.boot.test.autoconfigure.web.client.MockRestServiceServerResetTestExecutionListener, org.springframework.boot.test.autoconfigure.web.servlet.MockMvcPrintOnlyOnFailureTestExecutionListener, org.springframework.boot.test.autoconfigure.web.servlet.WebDriverTestExecutionListener, org.springframework.boot.test.autoconfigure.webservices.client.MockWebServiceServerTestExecutionListener, org.springframework.test.context.web.ServletTestExecutionListener, org.springframework.test.context.support.DirtiesContextBeforeModesTestExecutionListener, org.springframework.test.context.event.ApplicationEventsTestExecutionListener, org.springframework.test.context.support.DependencyInjectionTestExecutionListener, org.springframework.test.context.support.DirtiesContextTestExecutionListener, org.springframework.test.context.transaction.TransactionalTestExecutionListener, org.springframework.test.context.jdbc.SqlScriptsTestExecutionListener, org.springframework.test.context.event.EventPublishingTestExecutionListener]
2022-03-12 12:20:55.896  INFO 2057 --- [main] .b.t.c.SpringBootTestContextBootstrapper : Using TestExecutionListeners: [org.springframework.test.context.web.ServletTestExecutionListener@3316527e, org.springframework.test.context.support.DirtiesContextBeforeModesTestExecutionListener@786ff0ea, org.springframework.test.context.event.ApplicationEventsTestExecutionListener@15186ce0, org.springframework.boot.test.mock.mockito.MockitoTestExecutionListener@745926c3, org.springframework.boot.test.autoconfigure.SpringBootDependencyInjectionTestExecutionListener@75dd0f94, org.springframework.test.context.support.DirtiesContextTestExecutionListener@72324965, org.springframework.test.context.transaction.TransactionalTestExecutionListener@249b54af, org.springframework.test.context.jdbc.SqlScriptsTestExecutionListener@194911c1, org.springframework.test.context.event.EventPublishingTestExecutionListener@4751cd3, org.springframework.boot.test.mock.mockito.ResetMocksTestExecutionListener@64ec1459, org.springframework.boot.test.autoconfigure.restdocs.RestDocsTestExecutionListener@1aac0a47, org.springframework.boot.test.autoconfigure.web.client.MockRestServiceServerResetTestExecutionListener@4b3ad7ca, org.springframework.boot.test.autoconfigure.web.servlet.MockMvcPrintOnlyOnFailureTestExecutionListener@6785c9fa, org.springframework.boot.test.autoconfigure.web.servlet.WebDriverTestExecutionListener@63cf578f, org.springframework.boot.test.autoconfigure.webservices.client.MockWebServiceServerTestExecutionListener@194b9783]
2022-03-12 12:20:55.902  INFO 2057 --- [main] .b.t.c.SpringBootTestContextBootstrapper : Neither @ContextConfiguration nor @ContextHierarchy found for test class [at.ac.tuwien.sepm.assignment.individual.rest.HorseEndpointTest], using SpringBootContextLoader
2022-03-12 12:20:55.903  INFO 2057 --- [main] o.s.t.c.support.AbstractContextLoader    : Could not detect default resource locations for test class [at.ac.tuwien.sepm.assignment.individual.rest.HorseEndpointTest]: no resource found for suffixes {-context.xml, Context.groovy}.
2022-03-12 12:20:55.903  INFO 2057 --- [main] t.c.s.AnnotationConfigContextLoaderUtils : Could not detect default configuration classes for test class [at.ac.tuwien.sepm.assignment.individual.rest.HorseEndpointTest]: HorseEndpointTest does not declare any static, non-private, non-final, nested classes annotated with @Configuration.
2022-03-12 12:20:55.910  INFO 2057 --- [main] .b.t.c.SpringBootTestContextBootstrapper : Found @SpringBootConfiguration at.ac.tuwien.sepm.assignment.individual.SepmIndividualAssignmentApplication for test class at.ac.tuwien.sepm.assignment.individual.rest.HorseEndpointTest
2022-03-12 12:20:55.911  INFO 2057 --- [main] .b.t.c.SpringBootTestContextBootstrapper : Loaded default TestExecutionListener class names from location [META-INF/spring.factories]: [org.springframework.boot.test.mock.mockito.MockitoTestExecutionListener, org.springframework.boot.test.mock.mockito.ResetMocksTestExecutionListener, org.springframework.boot.test.autoconfigure.restdocs.RestDocsTestExecutionListener, org.springframework.boot.test.autoconfigure.web.client.MockRestServiceServerResetTestExecutionListener, org.springframework.boot.test.autoconfigure.web.servlet.MockMvcPrintOnlyOnFailureTestExecutionListener, org.springframework.boot.test.autoconfigure.web.servlet.WebDriverTestExecutionListener, org.springframework.boot.test.autoconfigure.webservices.client.MockWebServiceServerTestExecutionListener, org.springframework.test.context.web.ServletTestExecutionListener, org.springframework.test.context.support.DirtiesContextBeforeModesTestExecutionListener, org.springframework.test.context.event.ApplicationEventsTestExecutionListener, org.springframework.test.context.support.DependencyInjectionTestExecutionListener, org.springframework.test.context.support.DirtiesContextTestExecutionListener, org.springframework.test.context.transaction.TransactionalTestExecutionListener, org.springframework.test.context.jdbc.SqlScriptsTestExecutionListener, org.springframework.test.context.event.EventPublishingTestExecutionListener]
2022-03-12 12:20:55.911  INFO 2057 --- [main] .b.t.c.SpringBootTestContextBootstrapper : Using TestExecutionListeners: [org.springframework.test.context.web.ServletTestExecutionListener@6451a288, org.springframework.test.context.support.DirtiesContextBeforeModesTestExecutionListener@79cdf2d4, org.springframework.test.context.event.ApplicationEventsTestExecutionListener@8851ec, org.springframework.boot.test.mock.mockito.MockitoTestExecutionListener@18b40fe6, org.springframework.boot.test.autoconfigure.SpringBootDependencyInjectionTestExecutionListener@7198ab9a, org.springframework.test.context.support.DirtiesContextTestExecutionListener@67d5ac2f, org.springframework.test.context.transaction.TransactionalTestExecutionListener@25109608, org.springframework.test.context.jdbc.SqlScriptsTestExecutionListener@1d637673, org.springframework.test.context.event.EventPublishingTestExecutionListener@2913ca3e, org.springframework.boot.test.mock.mockito.ResetMocksTestExecutionListener@636dbfe7, org.springframework.boot.test.autoconfigure.restdocs.RestDocsTestExecutionListener@42ecc554, org.springframework.boot.test.autoconfigure.web.client.MockRestServiceServerResetTestExecutionListener@443af394, org.springframework.boot.test.autoconfigure.web.servlet.MockMvcPrintOnlyOnFailureTestExecutionListener@734f8317, org.springframework.boot.test.autoconfigure.web.servlet.WebDriverTestExecutionListener@7dd3981e, org.springframework.boot.test.autoconfigure.webservices.client.MockWebServiceServerTestExecutionListener@59313495]
2022-03-12 12:20:55.930  INFO 2057 --- [main] a.a.t.s.a.i.rest.HorseEndpointTest       : Starting HorseEndpointTest using Java 17.0.2 on MacBook-Pro.localdomain with PID 2057 (started by davidkoppl in /Users/davidkoppl/Documents/IntelliJ IDEA/SEPM Einzelphase/backend)
2022-03-12 12:20:55.930  INFO 2057 --- [main] a.a.t.s.a.i.rest.HorseEndpointTest       : The following 2 profiles are active: "test", "datagen"
2022-03-12 12:20:56.036  INFO 2057 --- [main] a.a.t.s.a.i.p.DataGeneratorBean          : Generating data…
2022-03-12 12:20:56.036  INFO 2057 --- [main] com.zaxxer.hikari.HikariDataSource       : HikariPool-3 - Starting...
2022-03-12 12:20:56.037  INFO 2057 --- [main] com.zaxxer.hikari.HikariDataSource       : HikariPool-3 - Start completed.
2022-03-12 12:20:56.038  INFO 2057 --- [main] a.a.t.s.a.i.p.DataGeneratorBean          : Finished generating data without error.
2022-03-12 12:20:56.144  INFO 2057 --- [main] o.s.b.a.h2.H2ConsoleAutoConfiguration    : H2 console available at '/h2-console'. Database available at 'jdbc:h2:mem:testdb'
2022-03-12 12:20:56.174  INFO 2057 --- [main] a.a.t.s.a.i.rest.HorseEndpointTest       : Started HorseEndpointTest in 0.261 seconds (JVM running for 2.837)
2022-03-12 12:20:56.185  INFO 2057 --- [main] o.s.b.t.m.w.SpringBootMockServletContext : Initializing Spring TestDispatcherServlet ''
2022-03-12 12:20:56.185  INFO 2057 --- [main] o.s.t.web.servlet.TestDispatcherServlet  : Initializing Servlet ''
2022-03-12 12:20:56.186  INFO 2057 --- [main] o.s.t.web.servlet.TestDispatcherServlet  : Completed initialization in 0 ms
2022-03-12 12:20:56.205  WARN 2057 --- [main] o.s.web.servlet.PageNotFound             : No mapping for GET /asdf123
2022-03-12 12:20:56.211  INFO 2057 --- [main] o.s.b.t.m.w.SpringBootMockServletContext : Initializing Spring TestDispatcherServlet ''
2022-03-12 12:20:56.211  INFO 2057 --- [main] o.s.t.web.servlet.TestDispatcherServlet  : Initializing Servlet ''
2022-03-12 12:20:56.212  INFO 2057 --- [main] o.s.t.web.servlet.TestDispatcherServlet  : Completed initialization in 1 ms
2022-03-12 12:20:56.273  INFO 2057 --- [SpringApplicationShutdownHook] com.zaxxer.hikari.HikariDataSource       : HikariPool-1 - Shutdown initiated...
2022-03-12 12:20:56.275  INFO 2057 --- [SpringApplicationShutdownHook] com.zaxxer.hikari.HikariDataSource       : HikariPool-1 - Shutdown completed.
2022-03-12 12:20:56.276  INFO 2057 --- [SpringApplicationShutdownHook] com.zaxxer.hikari.HikariDataSource       : HikariPool-2 - Shutdown initiated...
2022-03-12 12:20:56.277  INFO 2057 --- [SpringApplicationShutdownHook] com.zaxxer.hikari.HikariDataSource       : HikariPool-2 - Shutdown completed.
2022-03-12 12:20:56.278  INFO 2057 --- [SpringApplicationShutdownHook] com.zaxxer.hikari.HikariDataSource       : HikariPool-3 - Shutdown initiated...
2022-03-12 12:20:56.278  INFO 2057 --- [SpringApplicationShutdownHook] com.zaxxer.hikari.HikariDataSource       : HikariPool-3 - Shutdown completed.
2022-03-12 12:22:25.021  INFO 2023 --- [http-nio-8080-exec-1] o.a.c.c.C.[Tomcat].[localhost].[/]       : Initializing Spring DispatcherServlet 'dispatcherServlet'
2022-03-12 12:22:25.021  INFO 2023 --- [http-nio-8080-exec-1] o.s.web.servlet.DispatcherServlet        : Initializing Servlet 'dispatcherServlet'
2022-03-12 12:22:25.022  INFO 2023 --- [http-nio-8080-exec-1] o.s.web.servlet.DispatcherServlet        : Completed initialization in 1 ms
2022-03-12 12:23:20.308  INFO 2116 --- [main] .a.i.SepmIndividualAssignmentApplication : Starting SepmIndividualAssignmentApplication using Java 17.0.2 on MacBook-Pro.localdomain with PID 2116 (/Users/davidkoppl/Documents/IntelliJ IDEA/SEPM Einzelphase/backend/target/e01234567-0.0.1-SNAPSHOT.jar started by davidkoppl in /Users/davidkoppl/Documents/IntelliJ IDEA/SEPM Einzelphase/backend)
2022-03-12 12:23:20.310  INFO 2116 --- [main] .a.i.SepmIndividualAssignmentApplication : No active profile set, falling back to 1 default profile: "default"
2022-03-12 12:23:21.165  INFO 2116 --- [main] o.s.b.w.embedded.tomcat.TomcatWebServer  : Tomcat initialized with port(s): 8080 (http)
2022-03-12 12:23:21.175  INFO 2116 --- [main] o.apache.catalina.core.StandardService   : Starting service [Tomcat]
2022-03-12 12:23:21.175  INFO 2116 --- [main] org.apache.catalina.core.StandardEngine  : Starting Servlet engine: [Apache Tomcat/9.0.58]
2022-03-12 12:23:21.216  INFO 2116 --- [main] o.a.c.c.C.[Tomcat].[localhost].[/]       : Initializing Spring embedded WebApplicationContext
2022-03-12 12:23:21.216  INFO 2116 --- [main] w.s.c.ServletWebServerApplicationContext : Root WebApplicationContext: initialization completed in 858 ms
2022-03-12 12:23:21.251  INFO 2116 --- [main] com.zaxxer.hikari.HikariDataSource       : HikariPool-1 - Starting...
2022-03-12 12:23:21.360  INFO 2116 --- [main] com.zaxxer.hikari.HikariDataSource       : HikariPool-1 - Start completed.
2022-03-12 12:23:21.370  INFO 2116 --- [main] o.s.b.a.h2.H2ConsoleAutoConfiguration    : H2 console available at '/h2-console'. Database available at 'jdbc:h2:./wendydb'
2022-03-12 12:23:21.666  WARN 2116 --- [main] ConfigServletWebServerApplicationContext : Exception encountered during context initialization - cancelling refresh attempt: org.springframework.context.ApplicationContextException: Failed to start bean 'webServerStartStop'; nested exception is org.springframework.boot.web.server.PortInUseException: Port 8080 is already in use
2022-03-12 12:23:21.667  INFO 2116 --- [main] com.zaxxer.hikari.HikariDataSource       : HikariPool-1 - Shutdown initiated...
2022-03-12 12:23:21.674  INFO 2116 --- [main] com.zaxxer.hikari.HikariDataSource       : HikariPool-1 - Shutdown completed.
2022-03-12 12:23:21.677  INFO 2116 --- [main] o.apache.catalina.core.StandardService   : Stopping service [Tomcat]
2022-03-12 12:23:21.685  INFO 2116 --- [main] ConditionEvaluationReportLoggingListener : 

Error starting ApplicationContext. To display the conditions report re-run your application with 'debug' enabled.
2022-03-12 12:23:21.696 ERROR 2116 --- [main] o.s.b.d.LoggingFailureAnalysisReporter   : 

***************************
APPLICATION FAILED TO START
***************************

Description:

Web server failed to start. Port 8080 was already in use.

Action:

Identify and stop the process that's listening on port 8080 or configure this application to listen on another port.

2022-03-12 12:23:28.121  INFO 2023 --- [SpringApplicationShutdownHook] com.zaxxer.hikari.HikariDataSource       : HikariPool-1 - Shutdown initiated...
2022-03-12 12:23:28.123  INFO 2023 --- [SpringApplicationShutdownHook] com.zaxxer.hikari.HikariDataSource       : HikariPool-1 - Shutdown completed.
2022-03-12 12:23:45.409  INFO 2125 --- [main] .a.i.SepmIndividualAssignmentApplication : Starting SepmIndividualAssignmentApplication using Java 17.0.2 on MacBook-Pro.localdomain with PID 2125 (/Users/davidkoppl/Documents/IntelliJ IDEA/SEPM Einzelphase/backend/target/e01234567-0.0.1-SNAPSHOT.jar started by davidkoppl in /Users/davidkoppl/Documents/IntelliJ IDEA/SEPM Einzelphase/backend)
2022-03-12 12:23:45.412  INFO 2125 --- [main] .a.i.SepmIndividualAssignmentApplication : No active profile set, falling back to 1 default profile: "default"
2022-03-12 12:23:46.308  INFO 2125 --- [main] o.s.b.w.embedded.tomcat.TomcatWebServer  : Tomcat initialized with port(s): 8080 (http)
2022-03-12 12:23:46.318  INFO 2125 --- [main] o.apache.catalina.core.StandardService   : Starting service [Tomcat]
2022-03-12 12:23:46.318  INFO 2125 --- [main] org.apache.catalina.core.StandardEngine  : Starting Servlet engine: [Apache Tomcat/9.0.58]
2022-03-12 12:23:46.368  INFO 2125 --- [main] o.a.c.c.C.[Tomcat].[localhost].[/]       : Initializing Spring embedded WebApplicationContext
2022-03-12 12:23:46.368  INFO 2125 --- [main] w.s.c.ServletWebServerApplicationContext : Root WebApplicationContext: initialization completed in 909 ms
2022-03-12 12:23:46.394  INFO 2125 --- [main] com.zaxxer.hikari.HikariDataSource       : HikariPool-1 - Starting...
2022-03-12 12:23:46.664  INFO 2125 --- [main] com.zaxxer.hikari.HikariDataSource       : HikariPool-1 - Start completed.
2022-03-12 12:23:46.674  INFO 2125 --- [main] o.s.b.a.h2.H2ConsoleAutoConfiguration    : H2 console available at '/h2-console'. Database available at 'jdbc:h2:./wendydb'
2022-03-12 12:23:47.021  INFO 2125 --- [main] o.s.b.w.embedded.tomcat.TomcatWebServer  : Tomcat started on port(s): 8080 (http) with context path ''
2022-03-12 12:23:47.030  INFO 2125 --- [main] .a.i.SepmIndividualAssignmentApplication : Started SepmIndividualAssignmentApplication in 2.022 seconds (JVM running for 2.351)
2022-03-12 12:23:58.646  INFO 2125 --- [http-nio-8080-exec-1] o.a.c.c.C.[Tomcat].[localhost].[/]       : Initializing Spring DispatcherServlet 'dispatcherServlet'
2022-03-12 12:23:58.646  INFO 2125 --- [http-nio-8080-exec-1] o.s.web.servlet.DispatcherServlet        : Initializing Servlet 'dispatcherServlet'
2022-03-12 12:23:58.647  INFO 2125 --- [http-nio-8080-exec-1] o.s.web.servlet.DispatcherServlet        : Completed initialization in 1 ms
2022-03-12 13:25:54.589  WARN 2125 --- [HikariPool-1 housekeeper] com.zaxxer.hikari.pool.HikariPool        : HikariPool-1 - Thread starvation or clock leap detected (housekeeper delta=8m7s385ms).
2022-03-12 13:45:50.389  WARN 2125 --- [HikariPool-1 housekeeper] com.zaxxer.hikari.pool.HikariPool        : HikariPool-1 - Thread starvation or clock leap detected (housekeeper delta=55s646ms).
2022-03-12 14:04:04.658  WARN 2125 --- [HikariPool-1 housekeeper] com.zaxxer.hikari.pool.HikariPool        : HikariPool-1 - Thread starvation or clock leap detected (housekeeper delta=18m14s269ms).
2022-03-12 15:06:44.277  WARN 2125 --- [http-nio-8080-exec-9] .w.s.m.s.DefaultHandlerExceptionResolver : Resolved [org.springframework.web.HttpRequestMethodNotSupportedException: Request method 'POST' not supported]
2022-03-12 15:28:40.930  WARN 2125 --- [HikariPool-1 housekeeper] com.zaxxer.hikari.pool.HikariPool        : HikariPool-1 - Thread starvation or clock leap detected (housekeeper delta=2m35s788ms).
2022-03-12 16:09:37.376  WARN 2125 --- [http-nio-8080-exec-3] .w.s.m.s.DefaultHandlerExceptionResolver : Resolved [org.springframework.web.HttpRequestMethodNotSupportedException: Request method 'POST' not supported]
2022-03-12 16:10:05.941  WARN 2125 --- [http-nio-8080-exec-4] .w.s.m.s.DefaultHandlerExceptionResolver : Resolved [org.springframework.web.HttpRequestMethodNotSupportedException: Request method 'POST' not supported]
2022-03-12 16:11:02.750  WARN 2125 --- [http-nio-8080-exec-5] .w.s.m.s.DefaultHandlerExceptionResolver : Resolved [org.springframework.web.HttpRequestMethodNotSupportedException: Request method 'POST' not supported]
2022-03-12 16:12:02.902  INFO 2125 --- [SpringApplicationShutdownHook] com.zaxxer.hikari.HikariDataSource       : HikariPool-1 - Shutdown initiated...
2022-03-12 16:12:02.906  INFO 2125 --- [SpringApplicationShutdownHook] com.zaxxer.hikari.HikariDataSource       : HikariPool-1 - Shutdown completed.
2022-03-12 16:12:12.197  INFO 6958 --- [main] a.a.t.s.a.i.persistence.HorseDaoTest     : Starting HorseDaoTest using Java 17.0.2 on MacBook-Pro.localdomain with PID 6958 (started by davidkoppl in /Users/davidkoppl/Documents/IntelliJ IDEA/SEPM Einzelphase/backend)
2022-03-12 16:12:12.198  INFO 6958 --- [main] a.a.t.s.a.i.persistence.HorseDaoTest     : The following 2 profiles are active: "test", "datagen"
2022-03-12 16:12:12.812  INFO 6958 --- [main] a.a.t.s.a.i.p.DataGeneratorBean          : Generating data…
2022-03-12 16:12:12.812  INFO 6958 --- [main] com.zaxxer.hikari.HikariDataSource       : HikariPool-1 - Starting...
2022-03-12 16:12:13.032  INFO 6958 --- [main] com.zaxxer.hikari.HikariDataSource       : HikariPool-1 - Start completed.
2022-03-12 16:12:13.044  INFO 6958 --- [main] a.a.t.s.a.i.p.DataGeneratorBean          : Finished generating data without error.
2022-03-12 16:12:13.394  INFO 6958 --- [main] o.s.b.a.h2.H2ConsoleAutoConfiguration    : H2 console available at '/h2-console'. Database available at 'jdbc:h2:mem:testdb'
2022-03-12 16:12:13.584  INFO 6958 --- [main] a.a.t.s.a.i.persistence.HorseDaoTest     : Started HorseDaoTest in 1.678 seconds (JVM running for 2.338)
2022-03-12 16:12:14.014  INFO 6958 --- [main] .b.t.c.SpringBootTestContextBootstrapper : Neither @ContextConfiguration nor @ContextHierarchy found for test class [at.ac.tuwien.sepm.assignment.individual.SepmIndividualAssignmentApplicationTests], using SpringBootContextLoader
2022-03-12 16:12:14.015  INFO 6958 --- [main] o.s.t.c.support.AbstractContextLoader    : Could not detect default resource locations for test class [at.ac.tuwien.sepm.assignment.individual.SepmIndividualAssignmentApplicationTests]: no resource found for suffixes {-context.xml, Context.groovy}.
2022-03-12 16:12:14.015  INFO 6958 --- [main] t.c.s.AnnotationConfigContextLoaderUtils : Could not detect default configuration classes for test class [at.ac.tuwien.sepm.assignment.individual.SepmIndividualAssignmentApplicationTests]: SepmIndividualAssignmentApplicationTests does not declare any static, non-private, non-final, nested classes annotated with @Configuration.
2022-03-12 16:12:14.018  INFO 6958 --- [main] .b.t.c.SpringBootTestContextBootstrapper : Found @SpringBootConfiguration at.ac.tuwien.sepm.assignment.individual.SepmIndividualAssignmentApplication for test class at.ac.tuwien.sepm.assignment.individual.SepmIndividualAssignmentApplicationTests
2022-03-12 16:12:14.020  INFO 6958 --- [main] .b.t.c.SpringBootTestContextBootstrapper : Loaded default TestExecutionListener class names from location [META-INF/spring.factories]: [org.springframework.boot.test.mock.mockito.MockitoTestExecutionListener, org.springframework.boot.test.mock.mockito.ResetMocksTestExecutionListener, org.springframework.boot.test.autoconfigure.restdocs.RestDocsTestExecutionListener, org.springframework.boot.test.autoconfigure.web.client.MockRestServiceServerResetTestExecutionListener, org.springframework.boot.test.autoconfigure.web.servlet.MockMvcPrintOnlyOnFailureTestExecutionListener, org.springframework.boot.test.autoconfigure.web.servlet.WebDriverTestExecutionListener, org.springframework.boot.test.autoconfigure.webservices.client.MockWebServiceServerTestExecutionListener, org.springframework.test.context.web.ServletTestExecutionListener, org.springframework.test.context.support.DirtiesContextBeforeModesTestExecutionListener, org.springframework.test.context.event.ApplicationEventsTestExecutionListener, org.springframework.test.context.support.DependencyInjectionTestExecutionListener, org.springframework.test.context.support.DirtiesContextTestExecutionListener, org.springframework.test.context.transaction.TransactionalTestExecutionListener, org.springframework.test.context.jdbc.SqlScriptsTestExecutionListener, org.springframework.test.context.event.EventPublishingTestExecutionListener]
2022-03-12 16:12:14.020  INFO 6958 --- [main] .b.t.c.SpringBootTestContextBootstrapper : Using TestExecutionListeners: [org.springframework.test.context.web.ServletTestExecutionListener@579846cc, org.springframework.test.context.support.DirtiesContextBeforeModesTestExecutionListener@a826ff8, org.springframework.test.context.event.ApplicationEventsTestExecutionListener@71f0806b, org.springframework.boot.test.mock.mockito.MockitoTestExecutionListener@49889154, org.springframework.boot.test.autoconfigure.SpringBootDependencyInjectionTestExecutionListener@5c33008f, org.springframework.test.context.support.DirtiesContextTestExecutionListener@45d7495e, org.springframework.test.context.transaction.TransactionalTestExecutionListener@30517a57, org.springframework.test.context.jdbc.SqlScriptsTestExecutionListener@3dde5f38, org.springframework.test.context.event.EventPublishingTestExecutionListener@79ad1774, org.springframework.boot.test.mock.mockito.ResetMocksTestExecutionListener@64f3ca6, org.springframework.boot.test.autoconfigure.restdocs.RestDocsTestExecutionListener@3df77dfa, org.springframework.boot.test.autoconfigure.web.client.MockRestServiceServerResetTestExecutionListener@721fc2e3, org.springframework.boot.test.autoconfigure.web.servlet.MockMvcPrintOnlyOnFailureTestExecutionListener@63187d63, org.springframework.boot.test.autoconfigure.web.servlet.WebDriverTestExecutionListener@1ccdc7aa, org.springframework.boot.test.autoconfigure.webservices.client.MockWebServiceServerTestExecutionListener@1a536164]
2022-03-12 16:12:14.041  INFO 6958 --- [main] SepmIndividualAssignmentApplicationTests : Starting SepmIndividualAssignmentApplicationTests using Java 17.0.2 on MacBook-Pro.localdomain with PID 6958 (started by davidkoppl in /Users/davidkoppl/Documents/IntelliJ IDEA/SEPM Einzelphase/backend)
2022-03-12 16:12:14.041  INFO 6958 --- [main] SepmIndividualAssignmentApplicationTests : The following 1 profile is active: "test"
2022-03-12 16:12:14.263  INFO 6958 --- [main] com.zaxxer.hikari.HikariDataSource       : HikariPool-2 - Starting...
2022-03-12 16:12:14.264  INFO 6958 --- [main] com.zaxxer.hikari.HikariDataSource       : HikariPool-2 - Start completed.
2022-03-12 16:12:14.264  INFO 6958 --- [main] o.s.b.a.h2.H2ConsoleAutoConfiguration    : H2 console available at '/h2-console'. Database available at 'jdbc:h2:mem:testdb'
2022-03-12 16:12:14.344  INFO 6958 --- [main] SepmIndividualAssignmentApplicationTests : Started SepmIndividualAssignmentApplicationTests in 0.322 seconds (JVM running for 3.098)
2022-03-12 16:12:14.348  INFO 6958 --- [main] .b.t.c.SpringBootTestContextBootstrapper : Neither @ContextConfiguration nor @ContextHierarchy found for test class [at.ac.tuwien.sepm.assignment.individual.service.HorseServiceTest], using SpringBootContextLoader
2022-03-12 16:12:14.349  INFO 6958 --- [main] o.s.t.c.support.AbstractContextLoader    : Could not detect default resource locations for test class [at.ac.tuwien.sepm.assignment.individual.service.HorseServiceTest]: no resource found for suffixes {-context.xml, Context.groovy}.
2022-03-12 16:12:14.349  INFO 6958 --- [main] t.c.s.AnnotationConfigContextLoaderUtils : Could not detect default configuration classes for test class [at.ac.tuwien.sepm.assignment.individual.service.HorseServiceTest]: HorseServiceTest does not declare any static, non-private, non-final, nested classes annotated with @Configuration.
2022-03-12 16:12:14.353  INFO 6958 --- [main] .b.t.c.SpringBootTestContextBootstrapper : Found @SpringBootConfiguration at.ac.tuwien.sepm.assignment.individual.SepmIndividualAssignmentApplication for test class at.ac.tuwien.sepm.assignment.individual.service.HorseServiceTest
2022-03-12 16:12:14.354  INFO 6958 --- [main] .b.t.c.SpringBootTestContextBootstrapper : Loaded default TestExecutionListener class names from location [META-INF/spring.factories]: [org.springframework.boot.test.mock.mockito.MockitoTestExecutionListener, org.springframework.boot.test.mock.mockito.ResetMocksTestExecutionListener, org.springframework.boot.test.autoconfigure.restdocs.RestDocsTestExecutionListener, org.springframework.boot.test.autoconfigure.web.client.MockRestServiceServerResetTestExecutionListener, org.springframework.boot.test.autoconfigure.web.servlet.MockMvcPrintOnlyOnFailureTestExecutionListener, org.springframework.boot.test.autoconfigure.web.servlet.WebDriverTestExecutionListener, org.springframework.boot.test.autoconfigure.webservices.client.MockWebServiceServerTestExecutionListener, org.springframework.test.context.web.ServletTestExecutionListener, org.springframework.test.context.support.DirtiesContextBeforeModesTestExecutionListener, org.springframework.test.context.event.ApplicationEventsTestExecutionListener, org.springframework.test.context.support.DependencyInjectionTestExecutionListener, org.springframework.test.context.support.DirtiesContextTestExecutionListener, org.springframework.test.context.transaction.TransactionalTestExecutionListener, org.springframework.test.context.jdbc.SqlScriptsTestExecutionListener, org.springframework.test.context.event.EventPublishingTestExecutionListener]
2022-03-12 16:12:14.354  INFO 6958 --- [main] .b.t.c.SpringBootTestContextBootstrapper : Using TestExecutionListeners: [org.springframework.test.context.web.ServletTestExecutionListener@1d7c9811, org.springframework.test.context.support.DirtiesContextBeforeModesTestExecutionListener@3b362f1, org.springframework.test.context.event.ApplicationEventsTestExecutionListener@6451a288, org.springframework.boot.test.mock.mockito.MockitoTestExecutionListener@79cdf2d4, org.springframework.boot.test.autoconfigure.SpringBootDependencyInjectionTestExecutionListener@8851ec, org.springframework.test.context.support.DirtiesContextTestExecutionListener@18b40fe6, org.springframework.test.context.transaction.TransactionalTestExecutionListener@7198ab9a, org.springframework.test.context.jdbc.SqlScriptsTestExecutionListener@67d5ac2f, org.springframework.test.context.event.EventPublishingTestExecutionListener@25109608, org.springframework.boot.test.mock.mockito.ResetMocksTestExecutionListener@1d637673, org.springframework.boot.test.autoconfigure.restdocs.RestDocsTestExecutionListener@2913ca3e, org.springframework.boot.test.autoconfigure.web.client.MockRestServiceServerResetTestExecutionListener@636dbfe7, org.springframework.boot.test.autoconfigure.web.servlet.MockMvcPrintOnlyOnFailureTestExecutionListener@42ecc554, org.springframework.boot.test.autoconfigure.web.servlet.WebDriverTestExecutionListener@443af394, org.springframework.boot.test.autoconfigure.webservices.client.MockWebServiceServerTestExecutionListener@734f8317]
2022-03-12 16:12:14.360  INFO 6958 --- [main] .b.t.c.SpringBootTestContextBootstrapper : Neither @ContextConfiguration nor @ContextHierarchy found for test class [at.ac.tuwien.sepm.assignment.individual.rest.HorseEndpointTest], using SpringBootContextLoader
2022-03-12 16:12:14.361  INFO 6958 --- [main] o.s.t.c.support.AbstractContextLoader    : Could not detect default resource locations for test class [at.ac.tuwien.sepm.assignment.individual.rest.HorseEndpointTest]: no resource found for suffixes {-context.xml, Context.groovy}.
2022-03-12 16:12:14.361  INFO 6958 --- [main] t.c.s.AnnotationConfigContextLoaderUtils : Could not detect default configuration classes for test class [at.ac.tuwien.sepm.assignment.individual.rest.HorseEndpointTest]: HorseEndpointTest does not declare any static, non-private, non-final, nested classes annotated with @Configuration.
2022-03-12 16:12:14.367  INFO 6958 --- [main] .b.t.c.SpringBootTestContextBootstrapper : Found @SpringBootConfiguration at.ac.tuwien.sepm.assignment.individual.SepmIndividualAssignmentApplication for test class at.ac.tuwien.sepm.assignment.individual.rest.HorseEndpointTest
2022-03-12 16:12:14.368  INFO 6958 --- [main] .b.t.c.SpringBootTestContextBootstrapper : Loaded default TestExecutionListener class names from location [META-INF/spring.factories]: [org.springframework.boot.test.mock.mockito.MockitoTestExecutionListener, org.springframework.boot.test.mock.mockito.ResetMocksTestExecutionListener, org.springframework.boot.test.autoconfigure.restdocs.RestDocsTestExecutionListener, org.springframework.boot.test.autoconfigure.web.client.MockRestServiceServerResetTestExecutionListener, org.springframework.boot.test.autoconfigure.web.servlet.MockMvcPrintOnlyOnFailureTestExecutionListener, org.springframework.boot.test.autoconfigure.web.servlet.WebDriverTestExecutionListener, org.springframework.boot.test.autoconfigure.webservices.client.MockWebServiceServerTestExecutionListener, org.springframework.test.context.web.ServletTestExecutionListener, org.springframework.test.context.support.DirtiesContextBeforeModesTestExecutionListener, org.springframework.test.context.event.ApplicationEventsTestExecutionListener, org.springframework.test.context.support.DependencyInjectionTestExecutionListener, org.springframework.test.context.support.DirtiesContextTestExecutionListener, org.springframework.test.context.transaction.TransactionalTestExecutionListener, org.springframework.test.context.jdbc.SqlScriptsTestExecutionListener, org.springframework.test.context.event.EventPublishingTestExecutionListener]
2022-03-12 16:12:14.369  INFO 6958 --- [main] .b.t.c.SpringBootTestContextBootstrapper : Using TestExecutionListeners: [org.springframework.test.context.web.ServletTestExecutionListener@1edf71d9, org.springframework.test.context.support.DirtiesContextBeforeModesTestExecutionListener@52d9d817, org.springframework.test.context.event.ApplicationEventsTestExecutionListener@131ba005, org.springframework.boot.test.mock.mockito.MockitoTestExecutionListener@7f305f34, org.springframework.boot.test.autoconfigure.SpringBootDependencyInjectionTestExecutionListener@1a84a8b2, org.springframework.test.context.support.DirtiesContextTestExecutionListener@601d295, org.springframework.test.context.transaction.TransactionalTestExecutionListener@485451d8, org.springframework.test.context.jdbc.SqlScriptsTestExecutionListener@35e07e19, org.springframework.test.context.event.EventPublishingTestExecutionListener@a1e912f, org.springframework.boot.test.mock.mockito.ResetMocksTestExecutionListener@2036f83, org.springframework.boot.test.autoconfigure.restdocs.RestDocsTestExecutionListener@68b3248a, org.springframework.boot.test.autoconfigure.web.client.MockRestServiceServerResetTestExecutionListener@5e158f33, org.springframework.boot.test.autoconfigure.web.servlet.MockMvcPrintOnlyOnFailureTestExecutionListener@20fcea37, org.springframework.boot.test.autoconfigure.web.servlet.WebDriverTestExecutionListener@399af6dc, org.springframework.boot.test.autoconfigure.webservices.client.MockWebServiceServerTestExecutionListener@48fc0211]
2022-03-12 16:12:14.386  INFO 6958 --- [main] a.a.t.s.a.i.rest.HorseEndpointTest       : Starting HorseEndpointTest using Java 17.0.2 on MacBook-Pro.localdomain with PID 6958 (started by davidkoppl in /Users/davidkoppl/Documents/IntelliJ IDEA/SEPM Einzelphase/backend)
2022-03-12 16:12:14.386  INFO 6958 --- [main] a.a.t.s.a.i.rest.HorseEndpointTest       : The following 2 profiles are active: "test", "datagen"
2022-03-12 16:12:14.502  INFO 6958 --- [main] a.a.t.s.a.i.p.DataGeneratorBean          : Generating data…
2022-03-12 16:12:14.502  INFO 6958 --- [main] com.zaxxer.hikari.HikariDataSource       : HikariPool-3 - Starting...
2022-03-12 16:12:14.503  INFO 6958 --- [main] com.zaxxer.hikari.HikariDataSource       : HikariPool-3 - Start completed.
2022-03-12 16:12:14.504  INFO 6958 --- [main] a.a.t.s.a.i.p.DataGeneratorBean          : Finished generating data without error.
2022-03-12 16:12:14.609  INFO 6958 --- [main] o.s.b.a.h2.H2ConsoleAutoConfiguration    : H2 console available at '/h2-console'. Database available at 'jdbc:h2:mem:testdb'
2022-03-12 16:12:14.644  INFO 6958 --- [main] a.a.t.s.a.i.rest.HorseEndpointTest       : Started HorseEndpointTest in 0.274 seconds (JVM running for 3.399)
2022-03-12 16:12:14.651  INFO 6958 --- [main] o.s.b.t.m.w.SpringBootMockServletContext : Initializing Spring TestDispatcherServlet ''
2022-03-12 16:12:14.652  INFO 6958 --- [main] o.s.t.web.servlet.TestDispatcherServlet  : Initializing Servlet ''
2022-03-12 16:12:14.653  INFO 6958 --- [main] o.s.t.web.servlet.TestDispatcherServlet  : Completed initialization in 1 ms
2022-03-12 16:12:14.670  WARN 6958 --- [main] o.s.web.servlet.PageNotFound             : No mapping for GET /asdf123
2022-03-12 16:12:14.674  INFO 6958 --- [main] o.s.b.t.m.w.SpringBootMockServletContext : Initializing Spring TestDispatcherServlet ''
2022-03-12 16:12:14.674  INFO 6958 --- [main] o.s.t.web.servlet.TestDispatcherServlet  : Initializing Servlet ''
2022-03-12 16:12:14.675  INFO 6958 --- [main] o.s.t.web.servlet.TestDispatcherServlet  : Completed initialization in 1 ms
2022-03-12 16:12:14.676  WARN 6958 --- [main] o.s.web.servlet.PageNotFound             : No mapping for GET /horses
2022-03-12 16:12:14.688  INFO 6958 --- [SpringApplicationShutdownHook] com.zaxxer.hikari.HikariDataSource       : HikariPool-1 - Shutdown initiated...
2022-03-12 16:12:14.690  INFO 6958 --- [SpringApplicationShutdownHook] com.zaxxer.hikari.HikariDataSource       : HikariPool-1 - Shutdown completed.
2022-03-12 16:12:14.692  INFO 6958 --- [SpringApplicationShutdownHook] com.zaxxer.hikari.HikariDataSource       : HikariPool-2 - Shutdown initiated...
2022-03-12 16:12:14.692  INFO 6958 --- [SpringApplicationShutdownHook] com.zaxxer.hikari.HikariDataSource       : HikariPool-2 - Shutdown completed.
2022-03-12 16:12:14.693  INFO 6958 --- [SpringApplicationShutdownHook] com.zaxxer.hikari.HikariDataSource       : HikariPool-3 - Shutdown initiated...
2022-03-12 16:12:14.694  INFO 6958 --- [SpringApplicationShutdownHook] com.zaxxer.hikari.HikariDataSource       : HikariPool-3 - Shutdown completed.
2022-03-12 16:13:52.906  INFO 7010 --- [main] a.a.t.s.a.i.persistence.HorseDaoTest     : Starting HorseDaoTest using Java 17.0.2 on MacBook-Pro.localdomain with PID 7010 (started by davidkoppl in /Users/davidkoppl/Documents/IntelliJ IDEA/SEPM Einzelphase/backend)
2022-03-12 16:13:52.907  INFO 7010 --- [main] a.a.t.s.a.i.persistence.HorseDaoTest     : The following 2 profiles are active: "test", "datagen"
2022-03-12 16:13:53.405  INFO 7010 --- [main] a.a.t.s.a.i.p.DataGeneratorBean          : Generating data…
2022-03-12 16:13:53.405  INFO 7010 --- [main] com.zaxxer.hikari.HikariDataSource       : HikariPool-1 - Starting...
2022-03-12 16:13:53.573  INFO 7010 --- [main] com.zaxxer.hikari.HikariDataSource       : HikariPool-1 - Start completed.
2022-03-12 16:13:53.584  INFO 7010 --- [main] a.a.t.s.a.i.p.DataGeneratorBean          : Finished generating data without error.
2022-03-12 16:13:53.868  INFO 7010 --- [main] o.s.b.a.h2.H2ConsoleAutoConfiguration    : H2 console available at '/h2-console'. Database available at 'jdbc:h2:mem:testdb'
2022-03-12 16:13:54.049  INFO 7010 --- [main] a.a.t.s.a.i.persistence.HorseDaoTest     : Started HorseDaoTest in 1.363 seconds (JVM running for 1.912)
2022-03-12 16:13:54.393  INFO 7010 --- [main] .b.t.c.SpringBootTestContextBootstrapper : Neither @ContextConfiguration nor @ContextHierarchy found for test class [at.ac.tuwien.sepm.assignment.individual.SepmIndividualAssignmentApplicationTests], using SpringBootContextLoader
2022-03-12 16:13:54.394  INFO 7010 --- [main] o.s.t.c.support.AbstractContextLoader    : Could not detect default resource locations for test class [at.ac.tuwien.sepm.assignment.individual.SepmIndividualAssignmentApplicationTests]: no resource found for suffixes {-context.xml, Context.groovy}.
2022-03-12 16:13:54.394  INFO 7010 --- [main] t.c.s.AnnotationConfigContextLoaderUtils : Could not detect default configuration classes for test class [at.ac.tuwien.sepm.assignment.individual.SepmIndividualAssignmentApplicationTests]: SepmIndividualAssignmentApplicationTests does not declare any static, non-private, non-final, nested classes annotated with @Configuration.
2022-03-12 16:13:54.397  INFO 7010 --- [main] .b.t.c.SpringBootTestContextBootstrapper : Found @SpringBootConfiguration at.ac.tuwien.sepm.assignment.individual.SepmIndividualAssignmentApplication for test class at.ac.tuwien.sepm.assignment.individual.SepmIndividualAssignmentApplicationTests
2022-03-12 16:13:54.399  INFO 7010 --- [main] .b.t.c.SpringBootTestContextBootstrapper : Loaded default TestExecutionListener class names from location [META-INF/spring.factories]: [org.springframework.boot.test.mock.mockito.MockitoTestExecutionListener, org.springframework.boot.test.mock.mockito.ResetMocksTestExecutionListener, org.springframework.boot.test.autoconfigure.restdocs.RestDocsTestExecutionListener, org.springframework.boot.test.autoconfigure.web.client.MockRestServiceServerResetTestExecutionListener, org.springframework.boot.test.autoconfigure.web.servlet.MockMvcPrintOnlyOnFailureTestExecutionListener, org.springframework.boot.test.autoconfigure.web.servlet.WebDriverTestExecutionListener, org.springframework.boot.test.autoconfigure.webservices.client.MockWebServiceServerTestExecutionListener, org.springframework.test.context.web.ServletTestExecutionListener, org.springframework.test.context.support.DirtiesContextBeforeModesTestExecutionListener, org.springframework.test.context.event.ApplicationEventsTestExecutionListener, org.springframework.test.context.support.DependencyInjectionTestExecutionListener, org.springframework.test.context.support.DirtiesContextTestExecutionListener, org.springframework.test.context.transaction.TransactionalTestExecutionListener, org.springframework.test.context.jdbc.SqlScriptsTestExecutionListener, org.springframework.test.context.event.EventPublishingTestExecutionListener]
2022-03-12 16:13:54.400  INFO 7010 --- [main] .b.t.c.SpringBootTestContextBootstrapper : Using TestExecutionListeners: [org.springframework.test.context.web.ServletTestExecutionListener@64f3ca6, org.springframework.test.context.support.DirtiesContextBeforeModesTestExecutionListener@3df77dfa, org.springframework.test.context.event.ApplicationEventsTestExecutionListener@721fc2e3, org.springframework.boot.test.mock.mockito.MockitoTestExecutionListener@63187d63, org.springframework.boot.test.autoconfigure.SpringBootDependencyInjectionTestExecutionListener@1ccdc7aa, org.springframework.test.context.support.DirtiesContextTestExecutionListener@1a536164, org.springframework.test.context.transaction.TransactionalTestExecutionListener@1657b017, org.springframework.test.context.jdbc.SqlScriptsTestExecutionListener@368424db, org.springframework.test.context.event.EventPublishingTestExecutionListener@44864536, org.springframework.boot.test.mock.mockito.ResetMocksTestExecutionListener@455f4483, org.springframework.boot.test.autoconfigure.restdocs.RestDocsTestExecutionListener@6e239337, org.springframework.boot.test.autoconfigure.web.client.MockRestServiceServerResetTestExecutionListener@7996d0d4, org.springframework.boot.test.autoconfigure.web.servlet.MockMvcPrintOnlyOnFailureTestExecutionListener@fcf9525, org.springframework.boot.test.autoconfigure.web.servlet.WebDriverTestExecutionListener@300bb303, org.springframework.boot.test.autoconfigure.webservices.client.MockWebServiceServerTestExecutionListener@4243341e]
2022-03-12 16:13:54.421  INFO 7010 --- [main] SepmIndividualAssignmentApplicationTests : Starting SepmIndividualAssignmentApplicationTests using Java 17.0.2 on MacBook-Pro.localdomain with PID 7010 (started by davidkoppl in /Users/davidkoppl/Documents/IntelliJ IDEA/SEPM Einzelphase/backend)
2022-03-12 16:13:54.421  INFO 7010 --- [main] SepmIndividualAssignmentApplicationTests : The following 1 profile is active: "test"
2022-03-12 16:13:54.664  INFO 7010 --- [main] com.zaxxer.hikari.HikariDataSource       : HikariPool-2 - Starting...
2022-03-12 16:13:54.666  INFO 7010 --- [main] com.zaxxer.hikari.HikariDataSource       : HikariPool-2 - Start completed.
2022-03-12 16:13:54.666  INFO 7010 --- [main] o.s.b.a.h2.H2ConsoleAutoConfiguration    : H2 console available at '/h2-console'. Database available at 'jdbc:h2:mem:testdb'
2022-03-12 16:13:54.751  INFO 7010 --- [main] SepmIndividualAssignmentApplicationTests : Started SepmIndividualAssignmentApplicationTests in 0.349 seconds (JVM running for 2.614)
2022-03-12 16:13:54.755  INFO 7010 --- [main] .b.t.c.SpringBootTestContextBootstrapper : Neither @ContextConfiguration nor @ContextHierarchy found for test class [at.ac.tuwien.sepm.assignment.individual.service.HorseServiceTest], using SpringBootContextLoader
2022-03-12 16:13:54.756  INFO 7010 --- [main] o.s.t.c.support.AbstractContextLoader    : Could not detect default resource locations for test class [at.ac.tuwien.sepm.assignment.individual.service.HorseServiceTest]: no resource found for suffixes {-context.xml, Context.groovy}.
2022-03-12 16:13:54.756  INFO 7010 --- [main] t.c.s.AnnotationConfigContextLoaderUtils : Could not detect default configuration classes for test class [at.ac.tuwien.sepm.assignment.individual.service.HorseServiceTest]: HorseServiceTest does not declare any static, non-private, non-final, nested classes annotated with @Configuration.
2022-03-12 16:13:54.759  INFO 7010 --- [main] .b.t.c.SpringBootTestContextBootstrapper : Found @SpringBootConfiguration at.ac.tuwien.sepm.assignment.individual.SepmIndividualAssignmentApplication for test class at.ac.tuwien.sepm.assignment.individual.service.HorseServiceTest
2022-03-12 16:13:54.760  INFO 7010 --- [main] .b.t.c.SpringBootTestContextBootstrapper : Loaded default TestExecutionListener class names from location [META-INF/spring.factories]: [org.springframework.boot.test.mock.mockito.MockitoTestExecutionListener, org.springframework.boot.test.mock.mockito.ResetMocksTestExecutionListener, org.springframework.boot.test.autoconfigure.restdocs.RestDocsTestExecutionListener, org.springframework.boot.test.autoconfigure.web.client.MockRestServiceServerResetTestExecutionListener, org.springframework.boot.test.autoconfigure.web.servlet.MockMvcPrintOnlyOnFailureTestExecutionListener, org.springframework.boot.test.autoconfigure.web.servlet.WebDriverTestExecutionListener, org.springframework.boot.test.autoconfigure.webservices.client.MockWebServiceServerTestExecutionListener, org.springframework.test.context.web.ServletTestExecutionListener, org.springframework.test.context.support.DirtiesContextBeforeModesTestExecutionListener, org.springframework.test.context.event.ApplicationEventsTestExecutionListener, org.springframework.test.context.support.DependencyInjectionTestExecutionListener, org.springframework.test.context.support.DirtiesContextTestExecutionListener, org.springframework.test.context.transaction.TransactionalTestExecutionListener, org.springframework.test.context.jdbc.SqlScriptsTestExecutionListener, org.springframework.test.context.event.EventPublishingTestExecutionListener]
2022-03-12 16:13:54.761  INFO 7010 --- [main] .b.t.c.SpringBootTestContextBootstrapper : Using TestExecutionListeners: [org.springframework.test.context.web.ServletTestExecutionListener@1d637673, org.springframework.test.context.support.DirtiesContextBeforeModesTestExecutionListener@2913ca3e, org.springframework.test.context.event.ApplicationEventsTestExecutionListener@636dbfe7, org.springframework.boot.test.mock.mockito.MockitoTestExecutionListener@42ecc554, org.springframework.boot.test.autoconfigure.SpringBootDependencyInjectionTestExecutionListener@443af394, org.springframework.test.context.support.DirtiesContextTestExecutionListener@734f8317, org.springframework.test.context.transaction.TransactionalTestExecutionListener@7dd3981e, org.springframework.test.context.jdbc.SqlScriptsTestExecutionListener@59313495, org.springframework.test.context.event.EventPublishingTestExecutionListener@4a04ca74, org.springframework.boot.test.mock.mockito.ResetMocksTestExecutionListener@455cbf18, org.springframework.boot.test.autoconfigure.restdocs.RestDocsTestExecutionListener@24aedcc5, org.springframework.boot.test.autoconfigure.web.client.MockRestServiceServerResetTestExecutionListener@74ebd159, org.springframework.boot.test.autoconfigure.web.servlet.MockMvcPrintOnlyOnFailureTestExecutionListener@1850f2da, org.springframework.boot.test.autoconfigure.web.servlet.WebDriverTestExecutionListener@38d42ab7, org.springframework.boot.test.autoconfigure.webservices.client.MockWebServiceServerTestExecutionListener@6ace919c]
2022-03-12 16:13:54.766  INFO 7010 --- [main] .b.t.c.SpringBootTestContextBootstrapper : Neither @ContextConfiguration nor @ContextHierarchy found for test class [at.ac.tuwien.sepm.assignment.individual.rest.HorseEndpointTest], using SpringBootContextLoader
2022-03-12 16:13:54.767  INFO 7010 --- [main] o.s.t.c.support.AbstractContextLoader    : Could not detect default resource locations for test class [at.ac.tuwien.sepm.assignment.individual.rest.HorseEndpointTest]: no resource found for suffixes {-context.xml, Context.groovy}.
2022-03-12 16:13:54.767  INFO 7010 --- [main] t.c.s.AnnotationConfigContextLoaderUtils : Could not detect default configuration classes for test class [at.ac.tuwien.sepm.assignment.individual.rest.HorseEndpointTest]: HorseEndpointTest does not declare any static, non-private, non-final, nested classes annotated with @Configuration.
2022-03-12 16:13:54.773  INFO 7010 --- [main] .b.t.c.SpringBootTestContextBootstrapper : Found @SpringBootConfiguration at.ac.tuwien.sepm.assignment.individual.SepmIndividualAssignmentApplication for test class at.ac.tuwien.sepm.assignment.individual.rest.HorseEndpointTest
2022-03-12 16:13:54.774  INFO 7010 --- [main] .b.t.c.SpringBootTestContextBootstrapper : Loaded default TestExecutionListener class names from location [META-INF/spring.factories]: [org.springframework.boot.test.mock.mockito.MockitoTestExecutionListener, org.springframework.boot.test.mock.mockito.ResetMocksTestExecutionListener, org.springframework.boot.test.autoconfigure.restdocs.RestDocsTestExecutionListener, org.springframework.boot.test.autoconfigure.web.client.MockRestServiceServerResetTestExecutionListener, org.springframework.boot.test.autoconfigure.web.servlet.MockMvcPrintOnlyOnFailureTestExecutionListener, org.springframework.boot.test.autoconfigure.web.servlet.WebDriverTestExecutionListener, org.springframework.boot.test.autoconfigure.webservices.client.MockWebServiceServerTestExecutionListener, org.springframework.test.context.web.ServletTestExecutionListener, org.springframework.test.context.support.DirtiesContextBeforeModesTestExecutionListener, org.springframework.test.context.event.ApplicationEventsTestExecutionListener, org.springframework.test.context.support.DependencyInjectionTestExecutionListener, org.springframework.test.context.support.DirtiesContextTestExecutionListener, org.springframework.test.context.transaction.TransactionalTestExecutionListener, org.springframework.test.context.jdbc.SqlScriptsTestExecutionListener, org.springframework.test.context.event.EventPublishingTestExecutionListener]
2022-03-12 16:13:54.775  INFO 7010 --- [main] .b.t.c.SpringBootTestContextBootstrapper : Using TestExecutionListeners: [org.springframework.test.context.web.ServletTestExecutionListener@2036f83, org.springframework.test.context.support.DirtiesContextBeforeModesTestExecutionListener@68b3248a, org.springframework.test.context.event.ApplicationEventsTestExecutionListener@5e158f33, org.springframework.boot.test.mock.mockito.MockitoTestExecutionListener@20fcea37, org.springframework.boot.test.autoconfigure.SpringBootDependencyInjectionTestExecutionListener@399af6dc, org.springframework.test.context.support.DirtiesContextTestExecutionListener@48fc0211, org.springframework.test.context.transaction.TransactionalTestExecutionListener@3ae2702a, org.springframework.test.context.jdbc.SqlScriptsTestExecutionListener@7d088813, org.springframework.test.context.event.EventPublishingTestExecutionListener@134abd78, org.springframework.boot.test.mock.mockito.ResetMocksTestExecutionListener@3b0ed98a, org.springframework.boot.test.autoconfigure.restdocs.RestDocsTestExecutionListener@12448de1, org.springframework.boot.test.autoconfigure.web.client.MockRestServiceServerResetTestExecutionListener@2b35c7aa, org.springframework.boot.test.autoconfigure.web.servlet.MockMvcPrintOnlyOnFailureTestExecutionListener@6dd20ec9, org.springframework.boot.test.autoconfigure.web.servlet.WebDriverTestExecutionListener@20dd5870, org.springframework.boot.test.autoconfigure.webservices.client.MockWebServiceServerTestExecutionListener@1640f20f]
2022-03-12 16:13:54.793  INFO 7010 --- [main] a.a.t.s.a.i.rest.HorseEndpointTest       : Starting HorseEndpointTest using Java 17.0.2 on MacBook-Pro.localdomain with PID 7010 (started by davidkoppl in /Users/davidkoppl/Documents/IntelliJ IDEA/SEPM Einzelphase/backend)
2022-03-12 16:13:54.793  INFO 7010 --- [main] a.a.t.s.a.i.rest.HorseEndpointTest       : The following 2 profiles are active: "test", "datagen"
2022-03-12 16:13:54.908  INFO 7010 --- [main] a.a.t.s.a.i.p.DataGeneratorBean          : Generating data…
2022-03-12 16:13:54.908  INFO 7010 --- [main] com.zaxxer.hikari.HikariDataSource       : HikariPool-3 - Starting...
2022-03-12 16:13:54.909  INFO 7010 --- [main] com.zaxxer.hikari.HikariDataSource       : HikariPool-3 - Start completed.
2022-03-12 16:13:54.910  INFO 7010 --- [main] a.a.t.s.a.i.p.DataGeneratorBean          : Finished generating data without error.
2022-03-12 16:13:55.018  INFO 7010 --- [main] o.s.b.a.h2.H2ConsoleAutoConfiguration    : H2 console available at '/h2-console'. Database available at 'jdbc:h2:mem:testdb'
2022-03-12 16:13:55.046  INFO 7010 --- [main] a.a.t.s.a.i.rest.HorseEndpointTest       : Started HorseEndpointTest in 0.27 seconds (JVM running for 2.909)
2022-03-12 16:13:55.055  INFO 7010 --- [main] o.s.b.t.m.w.SpringBootMockServletContext : Initializing Spring TestDispatcherServlet ''
2022-03-12 16:13:55.055  INFO 7010 --- [main] o.s.t.web.servlet.TestDispatcherServlet  : Initializing Servlet ''
2022-03-12 16:13:55.056  INFO 7010 --- [main] o.s.t.web.servlet.TestDispatcherServlet  : Completed initialization in 1 ms
2022-03-12 16:13:55.072  WARN 7010 --- [main] o.s.web.servlet.PageNotFound             : No mapping for GET /asdf123
2022-03-12 16:13:55.076  INFO 7010 --- [main] o.s.b.t.m.w.SpringBootMockServletContext : Initializing Spring TestDispatcherServlet ''
2022-03-12 16:13:55.076  INFO 7010 --- [main] o.s.t.web.servlet.TestDispatcherServlet  : Initializing Servlet ''
2022-03-12 16:13:55.077  INFO 7010 --- [main] o.s.t.web.servlet.TestDispatcherServlet  : Completed initialization in 0 ms
2022-03-12 16:13:55.079  WARN 7010 --- [main] .w.s.m.s.DefaultHandlerExceptionResolver : Resolved [org.springframework.web.HttpRequestMethodNotSupportedException: Request method 'GET' not supported]
2022-03-12 16:13:55.092  INFO 7010 --- [SpringApplicationShutdownHook] com.zaxxer.hikari.HikariDataSource       : HikariPool-1 - Shutdown initiated...
2022-03-12 16:13:55.094  INFO 7010 --- [SpringApplicationShutdownHook] com.zaxxer.hikari.HikariDataSource       : HikariPool-1 - Shutdown completed.
2022-03-12 16:13:55.095  INFO 7010 --- [SpringApplicationShutdownHook] com.zaxxer.hikari.HikariDataSource       : HikariPool-2 - Shutdown initiated...
2022-03-12 16:13:55.095  INFO 7010 --- [SpringApplicationShutdownHook] com.zaxxer.hikari.HikariDataSource       : HikariPool-2 - Shutdown completed.
2022-03-12 16:13:55.096  INFO 7010 --- [SpringApplicationShutdownHook] com.zaxxer.hikari.HikariDataSource       : HikariPool-3 - Shutdown initiated...
2022-03-12 16:13:55.097  INFO 7010 --- [SpringApplicationShutdownHook] com.zaxxer.hikari.HikariDataSource       : HikariPool-3 - Shutdown completed.
2022-03-12 16:18:52.129  INFO 7093 --- [main] a.a.t.s.a.i.persistence.HorseDaoTest     : Starting HorseDaoTest using Java 17.0.2 on MacBook-Pro.localdomain with PID 7093 (started by davidkoppl in /Users/davidkoppl/Documents/IntelliJ IDEA/SEPM Einzelphase/backend)
2022-03-12 16:18:52.130  INFO 7093 --- [main] a.a.t.s.a.i.persistence.HorseDaoTest     : The following 2 profiles are active: "test", "datagen"
2022-03-12 16:18:52.660  INFO 7093 --- [main] a.a.t.s.a.i.p.DataGeneratorBean          : Generating data…
2022-03-12 16:18:52.660  INFO 7093 --- [main] com.zaxxer.hikari.HikariDataSource       : HikariPool-1 - Starting...
2022-03-12 16:18:52.833  INFO 7093 --- [main] com.zaxxer.hikari.HikariDataSource       : HikariPool-1 - Start completed.
2022-03-12 16:18:52.845  INFO 7093 --- [main] a.a.t.s.a.i.p.DataGeneratorBean          : Finished generating data without error.
2022-03-12 16:18:53.154  INFO 7093 --- [main] o.s.b.a.h2.H2ConsoleAutoConfiguration    : H2 console available at '/h2-console'. Database available at 'jdbc:h2:mem:testdb'
2022-03-12 16:18:53.334  INFO 7093 --- [main] a.a.t.s.a.i.persistence.HorseDaoTest     : Started HorseDaoTest in 1.428 seconds (JVM running for 2.025)
2022-03-12 16:18:53.716  INFO 7093 --- [main] .b.t.c.SpringBootTestContextBootstrapper : Neither @ContextConfiguration nor @ContextHierarchy found for test class [at.ac.tuwien.sepm.assignment.individual.SepmIndividualAssignmentApplicationTests], using SpringBootContextLoader
2022-03-12 16:18:53.716  INFO 7093 --- [main] o.s.t.c.support.AbstractContextLoader    : Could not detect default resource locations for test class [at.ac.tuwien.sepm.assignment.individual.SepmIndividualAssignmentApplicationTests]: no resource found for suffixes {-context.xml, Context.groovy}.
2022-03-12 16:18:53.716  INFO 7093 --- [main] t.c.s.AnnotationConfigContextLoaderUtils : Could not detect default configuration classes for test class [at.ac.tuwien.sepm.assignment.individual.SepmIndividualAssignmentApplicationTests]: SepmIndividualAssignmentApplicationTests does not declare any static, non-private, non-final, nested classes annotated with @Configuration.
2022-03-12 16:18:53.720  INFO 7093 --- [main] .b.t.c.SpringBootTestContextBootstrapper : Found @SpringBootConfiguration at.ac.tuwien.sepm.assignment.individual.SepmIndividualAssignmentApplication for test class at.ac.tuwien.sepm.assignment.individual.SepmIndividualAssignmentApplicationTests
2022-03-12 16:18:53.722  INFO 7093 --- [main] .b.t.c.SpringBootTestContextBootstrapper : Loaded default TestExecutionListener class names from location [META-INF/spring.factories]: [org.springframework.boot.test.mock.mockito.MockitoTestExecutionListener, org.springframework.boot.test.mock.mockito.ResetMocksTestExecutionListener, org.springframework.boot.test.autoconfigure.restdocs.RestDocsTestExecutionListener, org.springframework.boot.test.autoconfigure.web.client.MockRestServiceServerResetTestExecutionListener, org.springframework.boot.test.autoconfigure.web.servlet.MockMvcPrintOnlyOnFailureTestExecutionListener, org.springframework.boot.test.autoconfigure.web.servlet.WebDriverTestExecutionListener, org.springframework.boot.test.autoconfigure.webservices.client.MockWebServiceServerTestExecutionListener, org.springframework.test.context.web.ServletTestExecutionListener, org.springframework.test.context.support.DirtiesContextBeforeModesTestExecutionListener, org.springframework.test.context.event.ApplicationEventsTestExecutionListener, org.springframework.test.context.support.DependencyInjectionTestExecutionListener, org.springframework.test.context.support.DirtiesContextTestExecutionListener, org.springframework.test.context.transaction.TransactionalTestExecutionListener, org.springframework.test.context.jdbc.SqlScriptsTestExecutionListener, org.springframework.test.context.event.EventPublishingTestExecutionListener]
2022-03-12 16:18:53.722  INFO 7093 --- [main] .b.t.c.SpringBootTestContextBootstrapper : Using TestExecutionListeners: [org.springframework.test.context.web.ServletTestExecutionListener@64f3ca6, org.springframework.test.context.support.DirtiesContextBeforeModesTestExecutionListener@3df77dfa, org.springframework.test.context.event.ApplicationEventsTestExecutionListener@721fc2e3, org.springframework.boot.test.mock.mockito.MockitoTestExecutionListener@63187d63, org.springframework.boot.test.autoconfigure.SpringBootDependencyInjectionTestExecutionListener@1ccdc7aa, org.springframework.test.context.support.DirtiesContextTestExecutionListener@1a536164, org.springframework.test.context.transaction.TransactionalTestExecutionListener@1657b017, org.springframework.test.context.jdbc.SqlScriptsTestExecutionListener@368424db, org.springframework.test.context.event.EventPublishingTestExecutionListener@44864536, org.springframework.boot.test.mock.mockito.ResetMocksTestExecutionListener@455f4483, org.springframework.boot.test.autoconfigure.restdocs.RestDocsTestExecutionListener@6e239337, org.springframework.boot.test.autoconfigure.web.client.MockRestServiceServerResetTestExecutionListener@7996d0d4, org.springframework.boot.test.autoconfigure.web.servlet.MockMvcPrintOnlyOnFailureTestExecutionListener@fcf9525, org.springframework.boot.test.autoconfigure.web.servlet.WebDriverTestExecutionListener@300bb303, org.springframework.boot.test.autoconfigure.webservices.client.MockWebServiceServerTestExecutionListener@4243341e]
2022-03-12 16:18:53.743  INFO 7093 --- [main] SepmIndividualAssignmentApplicationTests : Starting SepmIndividualAssignmentApplicationTests using Java 17.0.2 on MacBook-Pro.localdomain with PID 7093 (started by davidkoppl in /Users/davidkoppl/Documents/IntelliJ IDEA/SEPM Einzelphase/backend)
2022-03-12 16:18:53.744  INFO 7093 --- [main] SepmIndividualAssignmentApplicationTests : The following 1 profile is active: "test"
2022-03-12 16:18:53.980  INFO 7093 --- [main] com.zaxxer.hikari.HikariDataSource       : HikariPool-2 - Starting...
2022-03-12 16:18:53.981  INFO 7093 --- [main] com.zaxxer.hikari.HikariDataSource       : HikariPool-2 - Start completed.
2022-03-12 16:18:53.982  INFO 7093 --- [main] o.s.b.a.h2.H2ConsoleAutoConfiguration    : H2 console available at '/h2-console'. Database available at 'jdbc:h2:mem:testdb'
2022-03-12 16:18:54.065  INFO 7093 --- [main] SepmIndividualAssignmentApplicationTests : Started SepmIndividualAssignmentApplicationTests in 0.341 seconds (JVM running for 2.756)
2022-03-12 16:18:54.070  INFO 7093 --- [main] .b.t.c.SpringBootTestContextBootstrapper : Neither @ContextConfiguration nor @ContextHierarchy found for test class [at.ac.tuwien.sepm.assignment.individual.service.HorseServiceTest], using SpringBootContextLoader
2022-03-12 16:18:54.070  INFO 7093 --- [main] o.s.t.c.support.AbstractContextLoader    : Could not detect default resource locations for test class [at.ac.tuwien.sepm.assignment.individual.service.HorseServiceTest]: no resource found for suffixes {-context.xml, Context.groovy}.
2022-03-12 16:18:54.070  INFO 7093 --- [main] t.c.s.AnnotationConfigContextLoaderUtils : Could not detect default configuration classes for test class [at.ac.tuwien.sepm.assignment.individual.service.HorseServiceTest]: HorseServiceTest does not declare any static, non-private, non-final, nested classes annotated with @Configuration.
2022-03-12 16:18:54.074  INFO 7093 --- [main] .b.t.c.SpringBootTestContextBootstrapper : Found @SpringBootConfiguration at.ac.tuwien.sepm.assignment.individual.SepmIndividualAssignmentApplication for test class at.ac.tuwien.sepm.assignment.individual.service.HorseServiceTest
2022-03-12 16:18:54.075  INFO 7093 --- [main] .b.t.c.SpringBootTestContextBootstrapper : Loaded default TestExecutionListener class names from location [META-INF/spring.factories]: [org.springframework.boot.test.mock.mockito.MockitoTestExecutionListener, org.springframework.boot.test.mock.mockito.ResetMocksTestExecutionListener, org.springframework.boot.test.autoconfigure.restdocs.RestDocsTestExecutionListener, org.springframework.boot.test.autoconfigure.web.client.MockRestServiceServerResetTestExecutionListener, org.springframework.boot.test.autoconfigure.web.servlet.MockMvcPrintOnlyOnFailureTestExecutionListener, org.springframework.boot.test.autoconfigure.web.servlet.WebDriverTestExecutionListener, org.springframework.boot.test.autoconfigure.webservices.client.MockWebServiceServerTestExecutionListener, org.springframework.test.context.web.ServletTestExecutionListener, org.springframework.test.context.support.DirtiesContextBeforeModesTestExecutionListener, org.springframework.test.context.event.ApplicationEventsTestExecutionListener, org.springframework.test.context.support.DependencyInjectionTestExecutionListener, org.springframework.test.context.support.DirtiesContextTestExecutionListener, org.springframework.test.context.transaction.TransactionalTestExecutionListener, org.springframework.test.context.jdbc.SqlScriptsTestExecutionListener, org.springframework.test.context.event.EventPublishingTestExecutionListener]
2022-03-12 16:18:54.075  INFO 7093 --- [main] .b.t.c.SpringBootTestContextBootstrapper : Using TestExecutionListeners: [org.springframework.test.context.web.ServletTestExecutionListener@1d637673, org.springframework.test.context.support.DirtiesContextBeforeModesTestExecutionListener@2913ca3e, org.springframework.test.context.event.ApplicationEventsTestExecutionListener@636dbfe7, org.springframework.boot.test.mock.mockito.MockitoTestExecutionListener@42ecc554, org.springframework.boot.test.autoconfigure.SpringBootDependencyInjectionTestExecutionListener@443af394, org.springframework.test.context.support.DirtiesContextTestExecutionListener@734f8317, org.springframework.test.context.transaction.TransactionalTestExecutionListener@7dd3981e, org.springframework.test.context.jdbc.SqlScriptsTestExecutionListener@59313495, org.springframework.test.context.event.EventPublishingTestExecutionListener@4a04ca74, org.springframework.boot.test.mock.mockito.ResetMocksTestExecutionListener@455cbf18, org.springframework.boot.test.autoconfigure.restdocs.RestDocsTestExecutionListener@24aedcc5, org.springframework.boot.test.autoconfigure.web.client.MockRestServiceServerResetTestExecutionListener@74ebd159, org.springframework.boot.test.autoconfigure.web.servlet.MockMvcPrintOnlyOnFailureTestExecutionListener@1850f2da, org.springframework.boot.test.autoconfigure.web.servlet.WebDriverTestExecutionListener@38d42ab7, org.springframework.boot.test.autoconfigure.webservices.client.MockWebServiceServerTestExecutionListener@6ace919c]
2022-03-12 16:18:54.082  INFO 7093 --- [main] .b.t.c.SpringBootTestContextBootstrapper : Neither @ContextConfiguration nor @ContextHierarchy found for test class [at.ac.tuwien.sepm.assignment.individual.rest.HorseEndpointTest], using SpringBootContextLoader
2022-03-12 16:18:54.082  INFO 7093 --- [main] o.s.t.c.support.AbstractContextLoader    : Could not detect default resource locations for test class [at.ac.tuwien.sepm.assignment.individual.rest.HorseEndpointTest]: no resource found for suffixes {-context.xml, Context.groovy}.
2022-03-12 16:18:54.082  INFO 7093 --- [main] t.c.s.AnnotationConfigContextLoaderUtils : Could not detect default configuration classes for test class [at.ac.tuwien.sepm.assignment.individual.rest.HorseEndpointTest]: HorseEndpointTest does not declare any static, non-private, non-final, nested classes annotated with @Configuration.
2022-03-12 16:18:54.088  INFO 7093 --- [main] .b.t.c.SpringBootTestContextBootstrapper : Found @SpringBootConfiguration at.ac.tuwien.sepm.assignment.individual.SepmIndividualAssignmentApplication for test class at.ac.tuwien.sepm.assignment.individual.rest.HorseEndpointTest
2022-03-12 16:18:54.089  INFO 7093 --- [main] .b.t.c.SpringBootTestContextBootstrapper : Loaded default TestExecutionListener class names from location [META-INF/spring.factories]: [org.springframework.boot.test.mock.mockito.MockitoTestExecutionListener, org.springframework.boot.test.mock.mockito.ResetMocksTestExecutionListener, org.springframework.boot.test.autoconfigure.restdocs.RestDocsTestExecutionListener, org.springframework.boot.test.autoconfigure.web.client.MockRestServiceServerResetTestExecutionListener, org.springframework.boot.test.autoconfigure.web.servlet.MockMvcPrintOnlyOnFailureTestExecutionListener, org.springframework.boot.test.autoconfigure.web.servlet.WebDriverTestExecutionListener, org.springframework.boot.test.autoconfigure.webservices.client.MockWebServiceServerTestExecutionListener, org.springframework.test.context.web.ServletTestExecutionListener, org.springframework.test.context.support.DirtiesContextBeforeModesTestExecutionListener, org.springframework.test.context.event.ApplicationEventsTestExecutionListener, org.springframework.test.context.support.DependencyInjectionTestExecutionListener, org.springframework.test.context.support.DirtiesContextTestExecutionListener, org.springframework.test.context.transaction.TransactionalTestExecutionListener, org.springframework.test.context.jdbc.SqlScriptsTestExecutionListener, org.springframework.test.context.event.EventPublishingTestExecutionListener]
2022-03-12 16:18:54.090  INFO 7093 --- [main] .b.t.c.SpringBootTestContextBootstrapper : Using TestExecutionListeners: [org.springframework.test.context.web.ServletTestExecutionListener@2036f83, org.springframework.test.context.support.DirtiesContextBeforeModesTestExecutionListener@68b3248a, org.springframework.test.context.event.ApplicationEventsTestExecutionListener@5e158f33, org.springframework.boot.test.mock.mockito.MockitoTestExecutionListener@20fcea37, org.springframework.boot.test.autoconfigure.SpringBootDependencyInjectionTestExecutionListener@399af6dc, org.springframework.test.context.support.DirtiesContextTestExecutionListener@48fc0211, org.springframework.test.context.transaction.TransactionalTestExecutionListener@3ae2702a, org.springframework.test.context.jdbc.SqlScriptsTestExecutionListener@7d088813, org.springframework.test.context.event.EventPublishingTestExecutionListener@134abd78, org.springframework.boot.test.mock.mockito.ResetMocksTestExecutionListener@3b0ed98a, org.springframework.boot.test.autoconfigure.restdocs.RestDocsTestExecutionListener@12448de1, org.springframework.boot.test.autoconfigure.web.client.MockRestServiceServerResetTestExecutionListener@2b35c7aa, org.springframework.boot.test.autoconfigure.web.servlet.MockMvcPrintOnlyOnFailureTestExecutionListener@6dd20ec9, org.springframework.boot.test.autoconfigure.web.servlet.WebDriverTestExecutionListener@20dd5870, org.springframework.boot.test.autoconfigure.webservices.client.MockWebServiceServerTestExecutionListener@1640f20f]
2022-03-12 16:18:54.108  INFO 7093 --- [main] a.a.t.s.a.i.rest.HorseEndpointTest       : Starting HorseEndpointTest using Java 17.0.2 on MacBook-Pro.localdomain with PID 7093 (started by davidkoppl in /Users/davidkoppl/Documents/IntelliJ IDEA/SEPM Einzelphase/backend)
2022-03-12 16:18:54.109  INFO 7093 --- [main] a.a.t.s.a.i.rest.HorseEndpointTest       : The following 2 profiles are active: "test", "datagen"
2022-03-12 16:18:54.226  INFO 7093 --- [main] a.a.t.s.a.i.p.DataGeneratorBean          : Generating data…
2022-03-12 16:18:54.227  INFO 7093 --- [main] com.zaxxer.hikari.HikariDataSource       : HikariPool-3 - Starting...
2022-03-12 16:18:54.228  INFO 7093 --- [main] com.zaxxer.hikari.HikariDataSource       : HikariPool-3 - Start completed.
2022-03-12 16:18:54.229  INFO 7093 --- [main] a.a.t.s.a.i.p.DataGeneratorBean          : Finished generating data without error.
2022-03-12 16:18:54.340  INFO 7093 --- [main] o.s.b.a.h2.H2ConsoleAutoConfiguration    : H2 console available at '/h2-console'. Database available at 'jdbc:h2:mem:testdb'
2022-03-12 16:18:54.368  INFO 7093 --- [main] a.a.t.s.a.i.rest.HorseEndpointTest       : Started HorseEndpointTest in 0.277 seconds (JVM running for 3.06)
2022-03-12 16:18:54.376  INFO 7093 --- [main] o.s.b.t.m.w.SpringBootMockServletContext : Initializing Spring TestDispatcherServlet ''
2022-03-12 16:18:54.376  INFO 7093 --- [main] o.s.t.web.servlet.TestDispatcherServlet  : Initializing Servlet ''
2022-03-12 16:18:54.376  INFO 7093 --- [main] o.s.t.web.servlet.TestDispatcherServlet  : Completed initialization in 0 ms
2022-03-12 16:18:54.390  WARN 7093 --- [main] o.s.web.servlet.PageNotFound             : No mapping for GET /asdf123
2022-03-12 16:18:54.394  INFO 7093 --- [main] o.s.b.t.m.w.SpringBootMockServletContext : Initializing Spring TestDispatcherServlet ''
2022-03-12 16:18:54.394  INFO 7093 --- [main] o.s.t.web.servlet.TestDispatcherServlet  : Initializing Servlet ''
2022-03-12 16:18:54.395  INFO 7093 --- [main] o.s.t.web.servlet.TestDispatcherServlet  : Completed initialization in 1 ms
2022-03-12 16:18:54.397  WARN 7093 --- [main] .w.s.m.s.DefaultHandlerExceptionResolver : Resolved [org.springframework.web.HttpRequestMethodNotSupportedException: Request method 'GET' not supported]
2022-03-12 16:18:54.408  INFO 7093 --- [SpringApplicationShutdownHook] com.zaxxer.hikari.HikariDataSource       : HikariPool-1 - Shutdown initiated...
2022-03-12 16:18:54.410  INFO 7093 --- [SpringApplicationShutdownHook] com.zaxxer.hikari.HikariDataSource       : HikariPool-1 - Shutdown completed.
2022-03-12 16:18:54.412  INFO 7093 --- [SpringApplicationShutdownHook] com.zaxxer.hikari.HikariDataSource       : HikariPool-2 - Shutdown initiated...
2022-03-12 16:18:54.412  INFO 7093 --- [SpringApplicationShutdownHook] com.zaxxer.hikari.HikariDataSource       : HikariPool-2 - Shutdown completed.
2022-03-12 16:18:54.413  INFO 7093 --- [SpringApplicationShutdownHook] com.zaxxer.hikari.HikariDataSource       : HikariPool-3 - Shutdown initiated...
2022-03-12 16:18:54.414  INFO 7093 --- [SpringApplicationShutdownHook] com.zaxxer.hikari.HikariDataSource       : HikariPool-3 - Shutdown completed.
2022-03-12 16:20:55.586  INFO 7164 --- [main] a.a.t.s.a.i.persistence.HorseDaoTest     : Starting HorseDaoTest using Java 17.0.2 on MacBook-Pro.localdomain with PID 7164 (started by davidkoppl in /Users/davidkoppl/Documents/IntelliJ IDEA/SEPM Einzelphase/backend)
2022-03-12 16:20:55.588  INFO 7164 --- [main] a.a.t.s.a.i.persistence.HorseDaoTest     : The following 2 profiles are active: "test", "datagen"
2022-03-12 16:20:56.109  INFO 7164 --- [main] a.a.t.s.a.i.p.DataGeneratorBean          : Generating data…
2022-03-12 16:20:56.110  INFO 7164 --- [main] com.zaxxer.hikari.HikariDataSource       : HikariPool-1 - Starting...
2022-03-12 16:20:56.276  INFO 7164 --- [main] com.zaxxer.hikari.HikariDataSource       : HikariPool-1 - Start completed.
2022-03-12 16:20:56.287  INFO 7164 --- [main] a.a.t.s.a.i.p.DataGeneratorBean          : Finished generating data without error.
2022-03-12 16:20:56.588  INFO 7164 --- [main] o.s.b.a.h2.H2ConsoleAutoConfiguration    : H2 console available at '/h2-console'. Database available at 'jdbc:h2:mem:testdb'
2022-03-12 16:20:56.759  INFO 7164 --- [main] a.a.t.s.a.i.persistence.HorseDaoTest     : Started HorseDaoTest in 1.399 seconds (JVM running for 1.983)
2022-03-12 16:20:57.097  INFO 7164 --- [main] .b.t.c.SpringBootTestContextBootstrapper : Neither @ContextConfiguration nor @ContextHierarchy found for test class [at.ac.tuwien.sepm.assignment.individual.SepmIndividualAssignmentApplicationTests], using SpringBootContextLoader
2022-03-12 16:20:57.098  INFO 7164 --- [main] o.s.t.c.support.AbstractContextLoader    : Could not detect default resource locations for test class [at.ac.tuwien.sepm.assignment.individual.SepmIndividualAssignmentApplicationTests]: no resource found for suffixes {-context.xml, Context.groovy}.
2022-03-12 16:20:57.098  INFO 7164 --- [main] t.c.s.AnnotationConfigContextLoaderUtils : Could not detect default configuration classes for test class [at.ac.tuwien.sepm.assignment.individual.SepmIndividualAssignmentApplicationTests]: SepmIndividualAssignmentApplicationTests does not declare any static, non-private, non-final, nested classes annotated with @Configuration.
2022-03-12 16:20:57.102  INFO 7164 --- [main] .b.t.c.SpringBootTestContextBootstrapper : Found @SpringBootConfiguration at.ac.tuwien.sepm.assignment.individual.SepmIndividualAssignmentApplication for test class at.ac.tuwien.sepm.assignment.individual.SepmIndividualAssignmentApplicationTests
2022-03-12 16:20:57.103  INFO 7164 --- [main] .b.t.c.SpringBootTestContextBootstrapper : Loaded default TestExecutionListener class names from location [META-INF/spring.factories]: [org.springframework.boot.test.mock.mockito.MockitoTestExecutionListener, org.springframework.boot.test.mock.mockito.ResetMocksTestExecutionListener, org.springframework.boot.test.autoconfigure.restdocs.RestDocsTestExecutionListener, org.springframework.boot.test.autoconfigure.web.client.MockRestServiceServerResetTestExecutionListener, org.springframework.boot.test.autoconfigure.web.servlet.MockMvcPrintOnlyOnFailureTestExecutionListener, org.springframework.boot.test.autoconfigure.web.servlet.WebDriverTestExecutionListener, org.springframework.boot.test.autoconfigure.webservices.client.MockWebServiceServerTestExecutionListener, org.springframework.test.context.web.ServletTestExecutionListener, org.springframework.test.context.support.DirtiesContextBeforeModesTestExecutionListener, org.springframework.test.context.event.ApplicationEventsTestExecutionListener, org.springframework.test.context.support.DependencyInjectionTestExecutionListener, org.springframework.test.context.support.DirtiesContextTestExecutionListener, org.springframework.test.context.transaction.TransactionalTestExecutionListener, org.springframework.test.context.jdbc.SqlScriptsTestExecutionListener, org.springframework.test.context.event.EventPublishingTestExecutionListener]
2022-03-12 16:20:57.104  INFO 7164 --- [main] .b.t.c.SpringBootTestContextBootstrapper : Using TestExecutionListeners: [org.springframework.test.context.web.ServletTestExecutionListener@3ed7dd70, org.springframework.test.context.support.DirtiesContextBeforeModesTestExecutionListener@6f3b13d0, org.springframework.test.context.event.ApplicationEventsTestExecutionListener@2964511, org.springframework.boot.test.mock.mockito.MockitoTestExecutionListener@6e9a10cd, org.springframework.boot.test.autoconfigure.SpringBootDependencyInjectionTestExecutionListener@6ea66c33, org.springframework.test.context.support.DirtiesContextTestExecutionListener@59b447a4, org.springframework.test.context.transaction.TransactionalTestExecutionListener@69ba3f4e, org.springframework.test.context.jdbc.SqlScriptsTestExecutionListener@579846cc, org.springframework.test.context.event.EventPublishingTestExecutionListener@a826ff8, org.springframework.boot.test.mock.mockito.ResetMocksTestExecutionListener@71f0806b, org.springframework.boot.test.autoconfigure.restdocs.RestDocsTestExecutionListener@49889154, org.springframework.boot.test.autoconfigure.web.client.MockRestServiceServerResetTestExecutionListener@5c33008f, org.springframework.boot.test.autoconfigure.web.servlet.MockMvcPrintOnlyOnFailureTestExecutionListener@45d7495e, org.springframework.boot.test.autoconfigure.web.servlet.WebDriverTestExecutionListener@30517a57, org.springframework.boot.test.autoconfigure.webservices.client.MockWebServiceServerTestExecutionListener@3dde5f38]
2022-03-12 16:20:57.130  INFO 7164 --- [main] SepmIndividualAssignmentApplicationTests : Starting SepmIndividualAssignmentApplicationTests using Java 17.0.2 on MacBook-Pro.localdomain with PID 7164 (started by davidkoppl in /Users/davidkoppl/Documents/IntelliJ IDEA/SEPM Einzelphase/backend)
2022-03-12 16:20:57.130  INFO 7164 --- [main] SepmIndividualAssignmentApplicationTests : The following 1 profile is active: "test"
2022-03-12 16:20:57.350  INFO 7164 --- [main] com.zaxxer.hikari.HikariDataSource       : HikariPool-2 - Starting...
2022-03-12 16:20:57.352  INFO 7164 --- [main] com.zaxxer.hikari.HikariDataSource       : HikariPool-2 - Start completed.
2022-03-12 16:20:57.352  INFO 7164 --- [main] o.s.b.a.h2.H2ConsoleAutoConfiguration    : H2 console available at '/h2-console'. Database available at 'jdbc:h2:mem:testdb'
2022-03-12 16:20:57.432  INFO 7164 --- [main] SepmIndividualAssignmentApplicationTests : Started SepmIndividualAssignmentApplicationTests in 0.326 seconds (JVM running for 2.656)
2022-03-12 16:20:57.437  INFO 7164 --- [main] .b.t.c.SpringBootTestContextBootstrapper : Neither @ContextConfiguration nor @ContextHierarchy found for test class [at.ac.tuwien.sepm.assignment.individual.service.HorseServiceTest], using SpringBootContextLoader
2022-03-12 16:20:57.438  INFO 7164 --- [main] o.s.t.c.support.AbstractContextLoader    : Could not detect default resource locations for test class [at.ac.tuwien.sepm.assignment.individual.service.HorseServiceTest]: no resource found for suffixes {-context.xml, Context.groovy}.
2022-03-12 16:20:57.438  INFO 7164 --- [main] t.c.s.AnnotationConfigContextLoaderUtils : Could not detect default configuration classes for test class [at.ac.tuwien.sepm.assignment.individual.service.HorseServiceTest]: HorseServiceTest does not declare any static, non-private, non-final, nested classes annotated with @Configuration.
2022-03-12 16:20:57.441  INFO 7164 --- [main] .b.t.c.SpringBootTestContextBootstrapper : Found @SpringBootConfiguration at.ac.tuwien.sepm.assignment.individual.SepmIndividualAssignmentApplication for test class at.ac.tuwien.sepm.assignment.individual.service.HorseServiceTest
2022-03-12 16:20:57.442  INFO 7164 --- [main] .b.t.c.SpringBootTestContextBootstrapper : Loaded default TestExecutionListener class names from location [META-INF/spring.factories]: [org.springframework.boot.test.mock.mockito.MockitoTestExecutionListener, org.springframework.boot.test.mock.mockito.ResetMocksTestExecutionListener, org.springframework.boot.test.autoconfigure.restdocs.RestDocsTestExecutionListener, org.springframework.boot.test.autoconfigure.web.client.MockRestServiceServerResetTestExecutionListener, org.springframework.boot.test.autoconfigure.web.servlet.MockMvcPrintOnlyOnFailureTestExecutionListener, org.springframework.boot.test.autoconfigure.web.servlet.WebDriverTestExecutionListener, org.springframework.boot.test.autoconfigure.webservices.client.MockWebServiceServerTestExecutionListener, org.springframework.test.context.web.ServletTestExecutionListener, org.springframework.test.context.support.DirtiesContextBeforeModesTestExecutionListener, org.springframework.test.context.event.ApplicationEventsTestExecutionListener, org.springframework.test.context.support.DependencyInjectionTestExecutionListener, org.springframework.test.context.support.DirtiesContextTestExecutionListener, org.springframework.test.context.transaction.TransactionalTestExecutionListener, org.springframework.test.context.jdbc.SqlScriptsTestExecutionListener, org.springframework.test.context.event.EventPublishingTestExecutionListener]
2022-03-12 16:20:57.443  INFO 7164 --- [main] .b.t.c.SpringBootTestContextBootstrapper : Using TestExecutionListeners: [org.springframework.test.context.web.ServletTestExecutionListener@984de01, org.springframework.test.context.support.DirtiesContextBeforeModesTestExecutionListener@58cda03f, org.springframework.test.context.event.ApplicationEventsTestExecutionListener@7757a37f, org.springframework.boot.test.mock.mockito.MockitoTestExecutionListener@2109a691, org.springframework.boot.test.autoconfigure.SpringBootDependencyInjectionTestExecutionListener@e521067, org.springframework.test.context.support.DirtiesContextTestExecutionListener@3bab95ca, org.springframework.test.context.transaction.TransactionalTestExecutionListener@71ad959b, org.springframework.test.context.jdbc.SqlScriptsTestExecutionListener@1d7c9811, org.springframework.test.context.event.EventPublishingTestExecutionListener@3b362f1, org.springframework.boot.test.mock.mockito.ResetMocksTestExecutionListener@6451a288, org.springframework.boot.test.autoconfigure.restdocs.RestDocsTestExecutionListener@79cdf2d4, org.springframework.boot.test.autoconfigure.web.client.MockRestServiceServerResetTestExecutionListener@8851ec, org.springframework.boot.test.autoconfigure.web.servlet.MockMvcPrintOnlyOnFailureTestExecutionListener@18b40fe6, org.springframework.boot.test.autoconfigure.web.servlet.WebDriverTestExecutionListener@7198ab9a, org.springframework.boot.test.autoconfigure.webservices.client.MockWebServiceServerTestExecutionListener@67d5ac2f]
2022-03-12 16:20:57.448  INFO 7164 --- [main] .b.t.c.SpringBootTestContextBootstrapper : Neither @ContextConfiguration nor @ContextHierarchy found for test class [at.ac.tuwien.sepm.assignment.individual.rest.HorseEndpointTest], using SpringBootContextLoader
2022-03-12 16:20:57.449  INFO 7164 --- [main] o.s.t.c.support.AbstractContextLoader    : Could not detect default resource locations for test class [at.ac.tuwien.sepm.assignment.individual.rest.HorseEndpointTest]: no resource found for suffixes {-context.xml, Context.groovy}.
2022-03-12 16:20:57.449  INFO 7164 --- [main] t.c.s.AnnotationConfigContextLoaderUtils : Could not detect default configuration classes for test class [at.ac.tuwien.sepm.assignment.individual.rest.HorseEndpointTest]: HorseEndpointTest does not declare any static, non-private, non-final, nested classes annotated with @Configuration.
2022-03-12 16:20:57.455  INFO 7164 --- [main] .b.t.c.SpringBootTestContextBootstrapper : Found @SpringBootConfiguration at.ac.tuwien.sepm.assignment.individual.SepmIndividualAssignmentApplication for test class at.ac.tuwien.sepm.assignment.individual.rest.HorseEndpointTest
2022-03-12 16:20:57.456  INFO 7164 --- [main] .b.t.c.SpringBootTestContextBootstrapper : Loaded default TestExecutionListener class names from location [META-INF/spring.factories]: [org.springframework.boot.test.mock.mockito.MockitoTestExecutionListener, org.springframework.boot.test.mock.mockito.ResetMocksTestExecutionListener, org.springframework.boot.test.autoconfigure.restdocs.RestDocsTestExecutionListener, org.springframework.boot.test.autoconfigure.web.client.MockRestServiceServerResetTestExecutionListener, org.springframework.boot.test.autoconfigure.web.servlet.MockMvcPrintOnlyOnFailureTestExecutionListener, org.springframework.boot.test.autoconfigure.web.servlet.WebDriverTestExecutionListener, org.springframework.boot.test.autoconfigure.webservices.client.MockWebServiceServerTestExecutionListener, org.springframework.test.context.web.ServletTestExecutionListener, org.springframework.test.context.support.DirtiesContextBeforeModesTestExecutionListener, org.springframework.test.context.event.ApplicationEventsTestExecutionListener, org.springframework.test.context.support.DependencyInjectionTestExecutionListener, org.springframework.test.context.support.DirtiesContextTestExecutionListener, org.springframework.test.context.transaction.TransactionalTestExecutionListener, org.springframework.test.context.jdbc.SqlScriptsTestExecutionListener, org.springframework.test.context.event.EventPublishingTestExecutionListener]
2022-03-12 16:20:57.456  INFO 7164 --- [main] .b.t.c.SpringBootTestContextBootstrapper : Using TestExecutionListeners: [org.springframework.test.context.web.ServletTestExecutionListener@2eb6d34a, org.springframework.test.context.support.DirtiesContextBeforeModesTestExecutionListener@2d73e8c4, org.springframework.test.context.event.ApplicationEventsTestExecutionListener@6ce2e079, org.springframework.boot.test.mock.mockito.MockitoTestExecutionListener@3e39e0fb, org.springframework.boot.test.autoconfigure.SpringBootDependencyInjectionTestExecutionListener@260d48f5, org.springframework.test.context.support.DirtiesContextTestExecutionListener@148ab138, org.springframework.test.context.transaction.TransactionalTestExecutionListener@6f106af8, org.springframework.test.context.jdbc.SqlScriptsTestExecutionListener@1edf71d9, org.springframework.test.context.event.EventPublishingTestExecutionListener@52d9d817, org.springframework.boot.test.mock.mockito.ResetMocksTestExecutionListener@131ba005, org.springframework.boot.test.autoconfigure.restdocs.RestDocsTestExecutionListener@7f305f34, org.springframework.boot.test.autoconfigure.web.client.MockRestServiceServerResetTestExecutionListener@1a84a8b2, org.springframework.boot.test.autoconfigure.web.servlet.MockMvcPrintOnlyOnFailureTestExecutionListener@601d295, org.springframework.boot.test.autoconfigure.web.servlet.WebDriverTestExecutionListener@485451d8, org.springframework.boot.test.autoconfigure.webservices.client.MockWebServiceServerTestExecutionListener@35e07e19]
2022-03-12 16:20:57.474  INFO 7164 --- [main] a.a.t.s.a.i.rest.HorseEndpointTest       : Starting HorseEndpointTest using Java 17.0.2 on MacBook-Pro.localdomain with PID 7164 (started by davidkoppl in /Users/davidkoppl/Documents/IntelliJ IDEA/SEPM Einzelphase/backend)
2022-03-12 16:20:57.475  INFO 7164 --- [main] a.a.t.s.a.i.rest.HorseEndpointTest       : The following 2 profiles are active: "test", "datagen"
2022-03-12 16:20:57.595  INFO 7164 --- [main] a.a.t.s.a.i.p.DataGeneratorBean          : Generating data…
2022-03-12 16:20:57.596  INFO 7164 --- [main] com.zaxxer.hikari.HikariDataSource       : HikariPool-3 - Starting...
2022-03-12 16:20:57.597  INFO 7164 --- [main] com.zaxxer.hikari.HikariDataSource       : HikariPool-3 - Start completed.
2022-03-12 16:20:57.598  INFO 7164 --- [main] a.a.t.s.a.i.p.DataGeneratorBean          : Finished generating data without error.
2022-03-12 16:20:57.713  INFO 7164 --- [main] o.s.b.a.h2.H2ConsoleAutoConfiguration    : H2 console available at '/h2-console'. Database available at 'jdbc:h2:mem:testdb'
2022-03-12 16:20:57.740  INFO 7164 --- [main] a.a.t.s.a.i.rest.HorseEndpointTest       : Started HorseEndpointTest in 0.282 seconds (JVM running for 2.964)
2022-03-12 16:20:57.750  INFO 7164 --- [main] o.s.b.t.m.w.SpringBootMockServletContext : Initializing Spring TestDispatcherServlet ''
2022-03-12 16:20:57.750  INFO 7164 --- [main] o.s.t.web.servlet.TestDispatcherServlet  : Initializing Servlet ''
2022-03-12 16:20:57.751  INFO 7164 --- [main] o.s.t.web.servlet.TestDispatcherServlet  : Completed initialization in 0 ms
2022-03-12 16:20:57.766  WARN 7164 --- [main] o.s.web.servlet.PageNotFound             : No mapping for GET /asdf123
2022-03-12 16:20:57.771  INFO 7164 --- [main] o.s.b.t.m.w.SpringBootMockServletContext : Initializing Spring TestDispatcherServlet ''
2022-03-12 16:20:57.771  INFO 7164 --- [main] o.s.t.web.servlet.TestDispatcherServlet  : Initializing Servlet ''
2022-03-12 16:20:57.771  INFO 7164 --- [main] o.s.t.web.servlet.TestDispatcherServlet  : Completed initialization in 0 ms
2022-03-12 16:20:57.844  INFO 7164 --- [SpringApplicationShutdownHook] com.zaxxer.hikari.HikariDataSource       : HikariPool-1 - Shutdown initiated...
2022-03-12 16:20:57.845  INFO 7164 --- [SpringApplicationShutdownHook] com.zaxxer.hikari.HikariDataSource       : HikariPool-1 - Shutdown completed.
2022-03-12 16:20:57.847  INFO 7164 --- [SpringApplicationShutdownHook] com.zaxxer.hikari.HikariDataSource       : HikariPool-2 - Shutdown initiated...
2022-03-12 16:20:57.847  INFO 7164 --- [SpringApplicationShutdownHook] com.zaxxer.hikari.HikariDataSource       : HikariPool-2 - Shutdown completed.
2022-03-12 16:20:57.848  INFO 7164 --- [SpringApplicationShutdownHook] com.zaxxer.hikari.HikariDataSource       : HikariPool-3 - Shutdown initiated...
2022-03-12 16:20:57.848  INFO 7164 --- [SpringApplicationShutdownHook] com.zaxxer.hikari.HikariDataSource       : HikariPool-3 - Shutdown completed.
2022-03-12 16:22:08.914  INFO 7207 --- [main] .a.i.SepmIndividualAssignmentApplication : Starting SepmIndividualAssignmentApplication using Java 17.0.2 on MacBook-Pro.localdomain with PID 7207 (/Users/davidkoppl/Documents/IntelliJ IDEA/SEPM Einzelphase/backend/target/e12022493-0.0.1-SNAPSHOT.jar started by davidkoppl in /Users/davidkoppl/Documents/IntelliJ IDEA/SEPM Einzelphase/backend)
2022-03-12 16:22:08.916  INFO 7207 --- [main] .a.i.SepmIndividualAssignmentApplication : The following 1 profile is active: "datagen"
2022-03-12 16:22:09.762  INFO 7207 --- [main] o.s.b.w.embedded.tomcat.TomcatWebServer  : Tomcat initialized with port(s): 8080 (http)
2022-03-12 16:22:09.773  INFO 7207 --- [main] o.apache.catalina.core.StandardService   : Starting service [Tomcat]
2022-03-12 16:22:09.773  INFO 7207 --- [main] org.apache.catalina.core.StandardEngine  : Starting Servlet engine: [Apache Tomcat/9.0.58]
2022-03-12 16:22:09.821  INFO 7207 --- [main] o.a.c.c.C.[Tomcat].[localhost].[/]       : Initializing Spring embedded WebApplicationContext
2022-03-12 16:22:09.822  INFO 7207 --- [main] w.s.c.ServletWebServerApplicationContext : Root WebApplicationContext: initialization completed in 856 ms
2022-03-12 16:22:09.845  INFO 7207 --- [main] com.zaxxer.hikari.HikariDataSource       : HikariPool-1 - Starting...
2022-03-12 16:22:10.124  INFO 7207 --- [main] com.zaxxer.hikari.HikariDataSource       : HikariPool-1 - Start completed.
2022-03-12 16:22:10.133  INFO 7207 --- [main] o.s.b.a.h2.H2ConsoleAutoConfiguration    : H2 console available at '/h2-console'. Database available at 'jdbc:h2:./wendydb'
2022-03-12 16:22:10.205  INFO 7207 --- [main] a.a.t.s.a.i.p.DataGeneratorBean          : Generating data…
2022-03-12 16:22:10.210  INFO 7207 --- [main] a.a.t.s.a.i.p.DataGeneratorBean          : Finished generating data without error.
2022-03-12 16:22:10.460  INFO 7207 --- [main] o.s.b.w.embedded.tomcat.TomcatWebServer  : Tomcat started on port(s): 8080 (http) with context path ''
2022-03-12 16:22:10.468  INFO 7207 --- [main] .a.i.SepmIndividualAssignmentApplication : Started SepmIndividualAssignmentApplication in 1.95 seconds (JVM running for 2.281)
2022-03-12 16:22:15.735  INFO 7207 --- [http-nio-8080-exec-1] o.a.c.c.C.[Tomcat].[localhost].[/]       : Initializing Spring DispatcherServlet 'dispatcherServlet'
2022-03-12 16:22:15.736  INFO 7207 --- [http-nio-8080-exec-1] o.s.web.servlet.DispatcherServlet        : Initializing Servlet 'dispatcherServlet'
2022-03-12 16:22:15.737  INFO 7207 --- [http-nio-8080-exec-1] o.s.web.servlet.DispatcherServlet        : Completed initialization in 1 ms
